{"/home/ariel/Project/COMP.SE.200-2023-2024-1/src/add.js": {"path":"/home/ariel/Project/COMP.SE.200-2023-2024-1/src/add.js","all":false,"statementMap":{"0":{"start":{"line":1,"column":0},"end":{"line":1,"column":68}},"1":{"start":{"line":2,"column":0},"end":{"line":2,"column":0}},"2":{"start":{"line":3,"column":0},"end":{"line":3,"column":3}},"3":{"start":{"line":4,"column":0},"end":{"line":4,"column":20}},"4":{"start":{"line":5,"column":0},"end":{"line":5,"column":2}},"5":{"start":{"line":6,"column":0},"end":{"line":6,"column":15}},"6":{"start":{"line":7,"column":0},"end":{"line":7,"column":17}},"7":{"start":{"line":8,"column":0},"end":{"line":8,"column":58}},"8":{"start":{"line":9,"column":0},"end":{"line":9,"column":59}},"9":{"start":{"line":10,"column":0},"end":{"line":10,"column":39}},"10":{"start":{"line":11,"column":0},"end":{"line":11,"column":11}},"11":{"start":{"line":12,"column":0},"end":{"line":12,"column":2}},"12":{"start":{"line":13,"column":0},"end":{"line":13,"column":12}},"13":{"start":{"line":14,"column":0},"end":{"line":14,"column":11}},"14":{"start":{"line":15,"column":0},"end":{"line":15,"column":3}},"15":{"start":{"line":16,"column":0},"end":{"line":16,"column":71}},"16":{"start":{"line":17,"column":0},"end":{"line":17,"column":18}}},"s":{"0":1,"1":1,"2":1,"3":1,"4":1,"5":1,"6":1,"7":1,"8":1,"9":1,"10":1,"11":1,"12":1,"13":1,"14":1,"15":1,"16":1},"branchMap":{"0":{"type":"branch","line":16,"loc":{"start":{"line":16,"column":32},"end":{"line":16,"column":67}},"locations":[{"start":{"line":16,"column":32},"end":{"line":16,"column":67}}]}},"b":{"0":[8]},"fnMap":{},"f":{}}
,"/home/ariel/Project/COMP.SE.200-2023-2024-1/src/castArray.js": {"path":"/home/ariel/Project/COMP.SE.200-2023-2024-1/src/castArray.js","all":false,"statementMap":{"0":{"start":{"line":1,"column":0},"end":{"line":1,"column":0}},"1":{"start":{"line":2,"column":0},"end":{"line":2,"column":3}},"2":{"start":{"line":3,"column":0},"end":{"line":3,"column":45}},"3":{"start":{"line":4,"column":0},"end":{"line":4,"column":2}},"4":{"start":{"line":5,"column":0},"end":{"line":5,"column":15}},"5":{"start":{"line":6,"column":0},"end":{"line":6,"column":17}},"6":{"start":{"line":7,"column":0},"end":{"line":7,"column":41}},"7":{"start":{"line":8,"column":0},"end":{"line":8,"column":43}},"8":{"start":{"line":9,"column":0},"end":{"line":9,"column":11}},"9":{"start":{"line":10,"column":0},"end":{"line":10,"column":2}},"10":{"start":{"line":11,"column":0},"end":{"line":11,"column":15}},"11":{"start":{"line":12,"column":0},"end":{"line":12,"column":12}},"12":{"start":{"line":13,"column":0},"end":{"line":13,"column":2}},"13":{"start":{"line":14,"column":0},"end":{"line":14,"column":24}},"14":{"start":{"line":15,"column":0},"end":{"line":15,"column":21}},"15":{"start":{"line":16,"column":0},"end":{"line":16,"column":2}},"16":{"start":{"line":17,"column":0},"end":{"line":17,"column":19}},"17":{"start":{"line":18,"column":0},"end":{"line":18,"column":16}},"18":{"start":{"line":19,"column":0},"end":{"line":19,"column":2}},"19":{"start":{"line":20,"column":0},"end":{"line":20,"column":18}},"20":{"start":{"line":21,"column":0},"end":{"line":21,"column":15}},"21":{"start":{"line":22,"column":0},"end":{"line":22,"column":2}},"22":{"start":{"line":23,"column":0},"end":{"line":23,"column":23}},"23":{"start":{"line":24,"column":0},"end":{"line":24,"column":20}},"24":{"start":{"line":25,"column":0},"end":{"line":25,"column":2}},"25":{"start":{"line":26,"column":0},"end":{"line":26,"column":14}},"26":{"start":{"line":27,"column":0},"end":{"line":27,"column":11}},"27":{"start":{"line":28,"column":0},"end":{"line":28,"column":2}},"28":{"start":{"line":29,"column":0},"end":{"line":29,"column":26}},"29":{"start":{"line":30,"column":0},"end":{"line":30,"column":42}},"30":{"start":{"line":31,"column":0},"end":{"line":31,"column":13}},"31":{"start":{"line":32,"column":0},"end":{"line":32,"column":3}},"32":{"start":{"line":33,"column":0},"end":{"line":33,"column":29}},"33":{"start":{"line":34,"column":0},"end":{"line":34,"column":23}},"34":{"start":{"line":35,"column":0},"end":{"line":35,"column":47}},"35":{"start":{"line":36,"column":0},"end":{"line":36,"column":1}},"36":{"start":{"line":37,"column":0},"end":{"line":37,"column":0}},"37":{"start":{"line":38,"column":0},"end":{"line":38,"column":24}}},"s":{"0":1,"1":1,"2":1,"3":1,"4":1,"5":1,"6":1,"7":1,"8":1,"9":1,"10":1,"11":1,"12":1,"13":1,"14":1,"15":1,"16":1,"17":1,"18":1,"19":1,"20":1,"21":1,"22":1,"23":1,"24":1,"25":1,"26":1,"27":1,"28":1,"29":1,"30":1,"31":1,"32":6,"33":6,"34":6,"35":6,"36":1,"37":1},"branchMap":{"0":{"type":"branch","line":33,"loc":{"start":{"line":33,"column":0},"end":{"line":36,"column":1}},"locations":[{"start":{"line":33,"column":0},"end":{"line":36,"column":1}}]},"1":{"type":"branch","line":35,"loc":{"start":{"line":35,"column":29},"end":{"line":35,"column":37}},"locations":[{"start":{"line":35,"column":29},"end":{"line":35,"column":37}}]},"2":{"type":"branch","line":35,"loc":{"start":{"line":35,"column":37},"end":{"line":35,"column":47}},"locations":[{"start":{"line":35,"column":37},"end":{"line":35,"column":47}}]}},"b":{"0":[6],"1":[1],"2":[5]},"fnMap":{"0":{"name":"castArray","decl":{"start":{"line":33,"column":0},"end":{"line":36,"column":1}},"loc":{"start":{"line":33,"column":0},"end":{"line":36,"column":1}},"line":33}},"f":{"0":6}}
,"/home/ariel/Project/COMP.SE.200-2023-2024-1/src/ceil.js": {"path":"/home/ariel/Project/COMP.SE.200-2023-2024-1/src/ceil.js","all":false,"statementMap":{"0":{"start":{"line":1,"column":0},"end":{"line":1,"column":52}},"1":{"start":{"line":2,"column":0},"end":{"line":2,"column":0}},"2":{"start":{"line":3,"column":0},"end":{"line":3,"column":3}},"3":{"start":{"line":4,"column":0},"end":{"line":4,"column":121}},"4":{"start":{"line":5,"column":0},"end":{"line":5,"column":2}},"5":{"start":{"line":6,"column":0},"end":{"line":6,"column":16}},"6":{"start":{"line":7,"column":0},"end":{"line":7,"column":17}},"7":{"start":{"line":8,"column":0},"end":{"line":8,"column":49}},"8":{"start":{"line":9,"column":0},"end":{"line":9,"column":62}},"9":{"start":{"line":10,"column":0},"end":{"line":10,"column":51}},"10":{"start":{"line":11,"column":0},"end":{"line":11,"column":11}},"11":{"start":{"line":12,"column":0},"end":{"line":12,"column":2}},"12":{"start":{"line":13,"column":0},"end":{"line":13,"column":14}},"13":{"start":{"line":14,"column":0},"end":{"line":14,"column":10}},"14":{"start":{"line":15,"column":0},"end":{"line":15,"column":2}},"15":{"start":{"line":16,"column":0},"end":{"line":16,"column":17}},"16":{"start":{"line":17,"column":0},"end":{"line":17,"column":13}},"17":{"start":{"line":18,"column":0},"end":{"line":18,"column":2}},"18":{"start":{"line":19,"column":0},"end":{"line":19,"column":17}},"19":{"start":{"line":20,"column":0},"end":{"line":20,"column":13}},"20":{"start":{"line":21,"column":0},"end":{"line":21,"column":3}},"21":{"start":{"line":22,"column":0},"end":{"line":22,"column":32}},"22":{"start":{"line":23,"column":0},"end":{"line":23,"column":0}},"23":{"start":{"line":24,"column":0},"end":{"line":24,"column":19}}},"s":{"0":1,"1":1,"2":1,"3":1,"4":1,"5":1,"6":1,"7":1,"8":1,"9":1,"10":1,"11":1,"12":1,"13":1,"14":1,"15":1,"16":1,"17":1,"18":1,"19":1,"20":1,"21":1,"22":1,"23":1},"branchMap":{},"b":{},"fnMap":{},"f":{}}
,"/home/ariel/Project/COMP.SE.200-2023-2024-1/src/countBy.js": {"path":"/home/ariel/Project/COMP.SE.200-2023-2024-1/src/countBy.js","all":false,"statementMap":{"0":{"start":{"line":1,"column":0},"end":{"line":1,"column":60}},"1":{"start":{"line":2,"column":0},"end":{"line":2,"column":32}},"2":{"start":{"line":3,"column":0},"end":{"line":3,"column":0}},"3":{"start":{"line":4,"column":0},"end":{"line":4,"column":48}},"4":{"start":{"line":5,"column":0},"end":{"line":5,"column":54}},"5":{"start":{"line":6,"column":0},"end":{"line":6,"column":0}},"6":{"start":{"line":7,"column":0},"end":{"line":7,"column":3}},"7":{"start":{"line":8,"column":0},"end":{"line":8,"column":75}},"8":{"start":{"line":9,"column":0},"end":{"line":9,"column":75}},"9":{"start":{"line":10,"column":0},"end":{"line":10,"column":74}},"10":{"start":{"line":11,"column":0},"end":{"line":11,"column":50}},"11":{"start":{"line":12,"column":0},"end":{"line":12,"column":2}},"12":{"start":{"line":13,"column":0},"end":{"line":13,"column":15}},"13":{"start":{"line":14,"column":0},"end":{"line":14,"column":23}},"14":{"start":{"line":15,"column":0},"end":{"line":15,"column":67}},"15":{"start":{"line":16,"column":0},"end":{"line":16,"column":61}},"16":{"start":{"line":17,"column":0},"end":{"line":17,"column":59}},"17":{"start":{"line":18,"column":0},"end":{"line":18,"column":11}},"18":{"start":{"line":19,"column":0},"end":{"line":19,"column":2}},"19":{"start":{"line":20,"column":0},"end":{"line":20,"column":18}},"20":{"start":{"line":21,"column":0},"end":{"line":21,"column":42}},"21":{"start":{"line":22,"column":0},"end":{"line":22,"column":41}},"22":{"start":{"line":23,"column":0},"end":{"line":23,"column":40}},"23":{"start":{"line":24,"column":0},"end":{"line":24,"column":4}},"24":{"start":{"line":25,"column":0},"end":{"line":25,"column":2}},"25":{"start":{"line":26,"column":0},"end":{"line":26,"column":41}},"26":{"start":{"line":27,"column":0},"end":{"line":27,"column":34}},"27":{"start":{"line":28,"column":0},"end":{"line":28,"column":3}},"28":{"start":{"line":29,"column":0},"end":{"line":29,"column":40}},"29":{"start":{"line":30,"column":0},"end":{"line":30,"column":53}},"30":{"start":{"line":31,"column":0},"end":{"line":31,"column":25}},"31":{"start":{"line":32,"column":0},"end":{"line":32,"column":43}},"32":{"start":{"line":33,"column":0},"end":{"line":33,"column":19}},"33":{"start":{"line":34,"column":0},"end":{"line":34,"column":12}},"34":{"start":{"line":35,"column":0},"end":{"line":35,"column":37}},"35":{"start":{"line":36,"column":0},"end":{"line":36,"column":5}},"36":{"start":{"line":37,"column":0},"end":{"line":37,"column":17}},"37":{"start":{"line":38,"column":0},"end":{"line":38,"column":8}},"38":{"start":{"line":39,"column":0},"end":{"line":39,"column":1}},"39":{"start":{"line":40,"column":0},"end":{"line":40,"column":0}},"40":{"start":{"line":41,"column":0},"end":{"line":41,"column":22}}},"s":{"0":1,"1":1,"2":1,"3":1,"4":1,"5":1,"6":1,"7":1,"8":1,"9":1,"10":1,"11":1,"12":1,"13":1,"14":1,"15":1,"16":1,"17":1,"18":1,"19":1,"20":1,"21":1,"22":1,"23":1,"24":1,"25":1,"26":1,"27":1,"28":3,"29":3,"30":0,"31":0,"32":0,"33":0,"34":0,"35":0,"36":0,"37":3,"38":3,"39":1,"40":1},"branchMap":{"0":{"type":"branch","line":29,"loc":{"start":{"line":29,"column":0},"end":{"line":39,"column":1}},"locations":[{"start":{"line":29,"column":0},"end":{"line":39,"column":1}}]}},"b":{"0":[3]},"fnMap":{"0":{"name":"countBy","decl":{"start":{"line":29,"column":0},"end":{"line":39,"column":1}},"loc":{"start":{"line":29,"column":0},"end":{"line":39,"column":1}},"line":29}},"f":{"0":3}}
,"/home/ariel/Project/COMP.SE.200-2023-2024-1/src/defaultTo.js": {"path":"/home/ariel/Project/COMP.SE.200-2023-2024-1/src/defaultTo.js","all":false,"statementMap":{"0":{"start":{"line":1,"column":0},"end":{"line":1,"column":3}},"1":{"start":{"line":2,"column":0},"end":{"line":2,"column":76}},"2":{"start":{"line":3,"column":0},"end":{"line":3,"column":73}},"3":{"start":{"line":4,"column":0},"end":{"line":4,"column":18}},"4":{"start":{"line":5,"column":0},"end":{"line":5,"column":2}},"5":{"start":{"line":6,"column":0},"end":{"line":6,"column":16}},"6":{"start":{"line":7,"column":0},"end":{"line":7,"column":17}},"7":{"start":{"line":8,"column":0},"end":{"line":8,"column":39}},"8":{"start":{"line":9,"column":0},"end":{"line":9,"column":45}},"9":{"start":{"line":10,"column":0},"end":{"line":10,"column":43}},"10":{"start":{"line":11,"column":0},"end":{"line":11,"column":11}},"11":{"start":{"line":12,"column":0},"end":{"line":12,"column":2}},"12":{"start":{"line":13,"column":0},"end":{"line":13,"column":19}},"13":{"start":{"line":14,"column":0},"end":{"line":14,"column":10}},"14":{"start":{"line":15,"column":0},"end":{"line":15,"column":2}},"15":{"start":{"line":16,"column":0},"end":{"line":16,"column":27}},"16":{"start":{"line":17,"column":0},"end":{"line":17,"column":11}},"17":{"start":{"line":18,"column":0},"end":{"line":18,"column":3}},"18":{"start":{"line":19,"column":0},"end":{"line":19,"column":41}},"19":{"start":{"line":20,"column":0},"end":{"line":20,"column":45}},"20":{"start":{"line":21,"column":0},"end":{"line":21,"column":1}},"21":{"start":{"line":22,"column":0},"end":{"line":22,"column":0}},"22":{"start":{"line":23,"column":0},"end":{"line":23,"column":24}}},"s":{"0":1,"1":1,"2":1,"3":1,"4":1,"5":1,"6":1,"7":1,"8":1,"9":1,"10":1,"11":1,"12":1,"13":1,"14":1,"15":1,"16":1,"17":1,"18":6,"19":6,"20":6,"21":1,"22":1},"branchMap":{"0":{"type":"branch","line":19,"loc":{"start":{"line":19,"column":0},"end":{"line":21,"column":1}},"locations":[{"start":{"line":19,"column":0},"end":{"line":21,"column":1}}]},"1":{"type":"branch","line":20,"loc":{"start":{"line":20,"column":22},"end":{"line":20,"column":37}},"locations":[{"start":{"line":20,"column":22},"end":{"line":20,"column":37}}]},"2":{"type":"branch","line":20,"loc":{"start":{"line":20,"column":37},"end":{"line":20,"column":45}},"locations":[{"start":{"line":20,"column":37},"end":{"line":20,"column":45}}]}},"b":{"0":[6],"1":[2],"2":[4]},"fnMap":{"0":{"name":"defaultTo","decl":{"start":{"line":19,"column":0},"end":{"line":21,"column":1}},"loc":{"start":{"line":19,"column":0},"end":{"line":21,"column":1}},"line":19}},"f":{"0":6}}
,"/home/ariel/Project/COMP.SE.200-2023-2024-1/src/divide.js": {"path":"/home/ariel/Project/COMP.SE.200-2023-2024-1/src/divide.js","all":false,"statementMap":{"0":{"start":{"line":1,"column":0},"end":{"line":1,"column":68}},"1":{"start":{"line":2,"column":0},"end":{"line":2,"column":0}},"2":{"start":{"line":3,"column":0},"end":{"line":3,"column":3}},"3":{"start":{"line":4,"column":0},"end":{"line":4,"column":22}},"4":{"start":{"line":5,"column":0},"end":{"line":5,"column":2}},"5":{"start":{"line":6,"column":0},"end":{"line":6,"column":15}},"6":{"start":{"line":7,"column":0},"end":{"line":7,"column":17}},"7":{"start":{"line":8,"column":0},"end":{"line":8,"column":59}},"8":{"start":{"line":9,"column":0},"end":{"line":9,"column":59}},"9":{"start":{"line":10,"column":0},"end":{"line":10,"column":42}},"10":{"start":{"line":11,"column":0},"end":{"line":11,"column":11}},"11":{"start":{"line":12,"column":0},"end":{"line":12,"column":2}},"12":{"start":{"line":13,"column":0},"end":{"line":13,"column":15}},"13":{"start":{"line":14,"column":0},"end":{"line":14,"column":12}},"14":{"start":{"line":15,"column":0},"end":{"line":15,"column":3}},"15":{"start":{"line":16,"column":0},"end":{"line":16,"column":79}},"16":{"start":{"line":17,"column":0},"end":{"line":17,"column":0}},"17":{"start":{"line":18,"column":0},"end":{"line":18,"column":21}}},"s":{"0":1,"1":1,"2":1,"3":1,"4":1,"5":1,"6":1,"7":1,"8":1,"9":1,"10":1,"11":1,"12":1,"13":1,"14":1,"15":1,"16":1,"17":1},"branchMap":{"0":{"type":"branch","line":16,"loc":{"start":{"line":16,"column":35},"end":{"line":16,"column":75}},"locations":[{"start":{"line":16,"column":35},"end":{"line":16,"column":75}}]}},"b":{"0":[8]},"fnMap":{},"f":{}}
,"/home/ariel/Project/COMP.SE.200-2023-2024-1/src/every.js": {"path":"/home/ariel/Project/COMP.SE.200-2023-2024-1/src/every.js","all":false,"statementMap":{"0":{"start":{"line":1,"column":0},"end":{"line":1,"column":3}},"1":{"start":{"line":2,"column":0},"end":{"line":2,"column":72}},"2":{"start":{"line":3,"column":0},"end":{"line":3,"column":73}},"3":{"start":{"line":4,"column":0},"end":{"line":4,"column":55}},"4":{"start":{"line":5,"column":0},"end":{"line":5,"column":2}},"5":{"start":{"line":6,"column":0},"end":{"line":6,"column":43}},"6":{"start":{"line":7,"column":0},"end":{"line":7,"column":66}},"7":{"start":{"line":8,"column":0},"end":{"line":8,"column":71}},"8":{"start":{"line":9,"column":0},"end":{"line":9,"column":28}},"9":{"start":{"line":10,"column":0},"end":{"line":10,"column":2}},"10":{"start":{"line":11,"column":0},"end":{"line":11,"column":15}},"11":{"start":{"line":12,"column":0},"end":{"line":12,"column":18}},"12":{"start":{"line":13,"column":0},"end":{"line":13,"column":50}},"13":{"start":{"line":14,"column":0},"end":{"line":14,"column":66}},"14":{"start":{"line":15,"column":0},"end":{"line":15,"column":78}},"15":{"start":{"line":16,"column":0},"end":{"line":16,"column":17}},"16":{"start":{"line":17,"column":0},"end":{"line":17,"column":11}},"17":{"start":{"line":18,"column":0},"end":{"line":18,"column":2}},"18":{"start":{"line":19,"column":0},"end":{"line":19,"column":41}},"19":{"start":{"line":20,"column":0},"end":{"line":20,"column":14}},"20":{"start":{"line":21,"column":0},"end":{"line":21,"column":3}},"21":{"start":{"line":22,"column":0},"end":{"line":22,"column":34}},"22":{"start":{"line":23,"column":0},"end":{"line":23,"column":16}},"23":{"start":{"line":24,"column":0},"end":{"line":24,"column":49}},"24":{"start":{"line":25,"column":0},"end":{"line":25,"column":0}},"25":{"start":{"line":26,"column":0},"end":{"line":26,"column":28}},"26":{"start":{"line":27,"column":0},"end":{"line":27,"column":49}},"27":{"start":{"line":28,"column":0},"end":{"line":28,"column":18}},"28":{"start":{"line":29,"column":0},"end":{"line":29,"column":5}},"29":{"start":{"line":30,"column":0},"end":{"line":30,"column":3}},"30":{"start":{"line":31,"column":0},"end":{"line":31,"column":13}},"31":{"start":{"line":32,"column":0},"end":{"line":32,"column":1}},"32":{"start":{"line":33,"column":0},"end":{"line":33,"column":0}},"33":{"start":{"line":34,"column":0},"end":{"line":34,"column":20}}},"s":{"0":1,"1":1,"2":1,"3":1,"4":1,"5":1,"6":1,"7":1,"8":1,"9":1,"10":1,"11":1,"12":1,"13":1,"14":1,"15":1,"16":1,"17":1,"18":1,"19":1,"20":1,"21":6,"22":6,"23":6,"24":6,"25":6,"26":9,"27":2,"28":2,"29":9,"30":4,"31":4,"32":1,"33":1},"branchMap":{"0":{"type":"branch","line":22,"loc":{"start":{"line":22,"column":0},"end":{"line":32,"column":1}},"locations":[{"start":{"line":22,"column":0},"end":{"line":32,"column":1}}]},"1":{"type":"branch","line":24,"loc":{"start":{"line":24,"column":30},"end":{"line":24,"column":34}},"locations":[{"start":{"line":24,"column":30},"end":{"line":24,"column":34}}]},"2":{"type":"branch","line":24,"loc":{"start":{"line":24,"column":34},"end":{"line":24,"column":49}},"locations":[{"start":{"line":24,"column":34},"end":{"line":24,"column":49}}]},"3":{"type":"branch","line":26,"loc":{"start":{"line":26,"column":27},"end":{"line":30,"column":3}},"locations":[{"start":{"line":26,"column":27},"end":{"line":30,"column":3}}]},"4":{"type":"branch","line":27,"loc":{"start":{"line":27,"column":48},"end":{"line":29,"column":5}},"locations":[{"start":{"line":27,"column":48},"end":{"line":29,"column":5}}]},"5":{"type":"branch","line":30,"loc":{"start":{"line":30,"column":2},"end":{"line":32,"column":1}},"locations":[{"start":{"line":30,"column":2},"end":{"line":32,"column":1}}]}},"b":{"0":[6],"1":[1],"2":[5],"3":[9],"4":[2],"5":[4]},"fnMap":{"0":{"name":"every","decl":{"start":{"line":22,"column":0},"end":{"line":32,"column":1}},"loc":{"start":{"line":22,"column":0},"end":{"line":32,"column":1}},"line":22}},"f":{"0":6}}
,"/home/ariel/Project/COMP.SE.200-2023-2024-1/src/filter.js": {"path":"/home/ariel/Project/COMP.SE.200-2023-2024-1/src/filter.js","all":false,"statementMap":{"0":{"start":{"line":1,"column":0},"end":{"line":1,"column":3}},"1":{"start":{"line":2,"column":0},"end":{"line":2,"column":72}},"2":{"start":{"line":3,"column":0},"end":{"line":3,"column":70}},"3":{"start":{"line":4,"column":0},"end":{"line":4,"column":36}},"4":{"start":{"line":5,"column":0},"end":{"line":5,"column":2}},"5":{"start":{"line":6,"column":0},"end":{"line":6,"column":62}},"6":{"start":{"line":7,"column":0},"end":{"line":7,"column":2}},"7":{"start":{"line":8,"column":0},"end":{"line":8,"column":15}},"8":{"start":{"line":9,"column":0},"end":{"line":9,"column":18}},"9":{"start":{"line":10,"column":0},"end":{"line":10,"column":50}},"10":{"start":{"line":11,"column":0},"end":{"line":11,"column":66}},"11":{"start":{"line":12,"column":0},"end":{"line":12,"column":51}},"12":{"start":{"line":13,"column":0},"end":{"line":13,"column":69}},"13":{"start":{"line":14,"column":0},"end":{"line":14,"column":11}},"14":{"start":{"line":15,"column":0},"end":{"line":15,"column":2}},"15":{"start":{"line":16,"column":0},"end":{"line":16,"column":18}},"16":{"start":{"line":17,"column":0},"end":{"line":17,"column":42}},"17":{"start":{"line":18,"column":0},"end":{"line":18,"column":42}},"18":{"start":{"line":19,"column":0},"end":{"line":19,"column":4}},"19":{"start":{"line":20,"column":0},"end":{"line":20,"column":2}},"20":{"start":{"line":21,"column":0},"end":{"line":21,"column":40}},"21":{"start":{"line":22,"column":0},"end":{"line":22,"column":31}},"22":{"start":{"line":23,"column":0},"end":{"line":23,"column":3}},"23":{"start":{"line":24,"column":0},"end":{"line":24,"column":35}},"24":{"start":{"line":25,"column":0},"end":{"line":25,"column":16}},"25":{"start":{"line":26,"column":0},"end":{"line":26,"column":18}},"26":{"start":{"line":27,"column":0},"end":{"line":27,"column":49}},"27":{"start":{"line":28,"column":0},"end":{"line":28,"column":21}},"28":{"start":{"line":29,"column":0},"end":{"line":29,"column":0}},"29":{"start":{"line":30,"column":0},"end":{"line":30,"column":28}},"30":{"start":{"line":31,"column":0},"end":{"line":31,"column":30}},"31":{"start":{"line":32,"column":0},"end":{"line":32,"column":41}},"32":{"start":{"line":33,"column":0},"end":{"line":33,"column":32}},"33":{"start":{"line":34,"column":0},"end":{"line":34,"column":5}},"34":{"start":{"line":35,"column":0},"end":{"line":35,"column":3}},"35":{"start":{"line":36,"column":0},"end":{"line":36,"column":15}},"36":{"start":{"line":37,"column":0},"end":{"line":37,"column":1}},"37":{"start":{"line":38,"column":0},"end":{"line":38,"column":0}},"38":{"start":{"line":39,"column":0},"end":{"line":39,"column":21}}},"s":{"0":1,"1":1,"2":1,"3":1,"4":1,"5":1,"6":1,"7":1,"8":1,"9":1,"10":1,"11":1,"12":1,"13":1,"14":1,"15":1,"16":1,"17":1,"18":1,"19":1,"20":1,"21":1,"22":1,"23":5,"24":5,"25":5,"26":5,"27":5,"28":5,"29":5,"30":4,"31":4,"32":2,"33":2,"34":4,"35":5,"36":5,"37":1,"38":1},"branchMap":{"0":{"type":"branch","line":24,"loc":{"start":{"line":24,"column":0},"end":{"line":37,"column":1}},"locations":[{"start":{"line":24,"column":0},"end":{"line":37,"column":1}}]},"1":{"type":"branch","line":27,"loc":{"start":{"line":27,"column":30},"end":{"line":27,"column":34}},"locations":[{"start":{"line":27,"column":30},"end":{"line":27,"column":34}}]},"2":{"type":"branch","line":27,"loc":{"start":{"line":27,"column":34},"end":{"line":27,"column":49}},"locations":[{"start":{"line":27,"column":34},"end":{"line":27,"column":49}}]},"3":{"type":"branch","line":30,"loc":{"start":{"line":30,"column":27},"end":{"line":35,"column":3}},"locations":[{"start":{"line":30,"column":27},"end":{"line":35,"column":3}}]},"4":{"type":"branch","line":32,"loc":{"start":{"line":32,"column":40},"end":{"line":34,"column":5}},"locations":[{"start":{"line":32,"column":40},"end":{"line":34,"column":5}}]}},"b":{"0":[5],"1":[2],"2":[3],"3":[4],"4":[2]},"fnMap":{"0":{"name":"filter","decl":{"start":{"line":24,"column":0},"end":{"line":37,"column":1}},"loc":{"start":{"line":24,"column":0},"end":{"line":37,"column":1}},"line":24}},"f":{"0":5}}
,"/home/ariel/Project/COMP.SE.200-2023-2024-1/src/isArguments.js": {"path":"/home/ariel/Project/COMP.SE.200-2023-2024-1/src/isArguments.js","all":false,"statementMap":{"0":{"start":{"line":1,"column":0},"end":{"line":1,"column":42}},"1":{"start":{"line":2,"column":0},"end":{"line":2,"column":44}},"2":{"start":{"line":3,"column":0},"end":{"line":3,"column":0}},"3":{"start":{"line":4,"column":0},"end":{"line":4,"column":3}},"4":{"start":{"line":5,"column":0},"end":{"line":5,"column":53}},"5":{"start":{"line":6,"column":0},"end":{"line":6,"column":2}},"6":{"start":{"line":7,"column":0},"end":{"line":7,"column":15}},"7":{"start":{"line":8,"column":0},"end":{"line":8,"column":17}},"8":{"start":{"line":9,"column":0},"end":{"line":9,"column":39}},"9":{"start":{"line":10,"column":0},"end":{"line":10,"column":87}},"10":{"start":{"line":11,"column":0},"end":{"line":11,"column":11}},"11":{"start":{"line":12,"column":0},"end":{"line":12,"column":2}},"12":{"start":{"line":13,"column":0},"end":{"line":13,"column":49}},"13":{"start":{"line":14,"column":0},"end":{"line":14,"column":13}},"14":{"start":{"line":15,"column":0},"end":{"line":15,"column":2}},"15":{"start":{"line":16,"column":0},"end":{"line":16,"column":25}},"16":{"start":{"line":17,"column":0},"end":{"line":17,"column":14}},"17":{"start":{"line":18,"column":0},"end":{"line":18,"column":3}},"18":{"start":{"line":19,"column":0},"end":{"line":19,"column":29}},"19":{"start":{"line":20,"column":0},"end":{"line":20,"column":69}},"20":{"start":{"line":21,"column":0},"end":{"line":21,"column":1}},"21":{"start":{"line":22,"column":0},"end":{"line":22,"column":0}},"22":{"start":{"line":23,"column":0},"end":{"line":23,"column":26}}},"s":{"0":1,"1":1,"2":1,"3":1,"4":1,"5":1,"6":1,"7":1,"8":1,"9":1,"10":1,"11":1,"12":1,"13":1,"14":1,"15":1,"16":1,"17":1,"18":1,"19":1,"20":1,"21":1,"22":1},"branchMap":{"0":{"type":"branch","line":19,"loc":{"start":{"line":19,"column":0},"end":{"line":21,"column":1}},"locations":[{"start":{"line":19,"column":0},"end":{"line":21,"column":1}}]},"1":{"type":"branch","line":20,"loc":{"start":{"line":20,"column":28},"end":{"line":20,"column":69}},"locations":[{"start":{"line":20,"column":28},"end":{"line":20,"column":69}}]}},"b":{"0":[1],"1":[0]},"fnMap":{"0":{"name":"isArguments","decl":{"start":{"line":19,"column":0},"end":{"line":21,"column":1}},"loc":{"start":{"line":19,"column":0},"end":{"line":21,"column":1}},"line":19}},"f":{"0":1}}
,"/home/ariel/Project/COMP.SE.200-2023-2024-1/src/isArrayLike.js": {"path":"/home/ariel/Project/COMP.SE.200-2023-2024-1/src/isArrayLike.js","all":false,"statementMap":{"0":{"start":{"line":1,"column":0},"end":{"line":1,"column":36}},"1":{"start":{"line":2,"column":0},"end":{"line":2,"column":0}},"2":{"start":{"line":3,"column":0},"end":{"line":3,"column":3}},"3":{"start":{"line":4,"column":0},"end":{"line":4,"column":76}},"4":{"start":{"line":5,"column":0},"end":{"line":5,"column":76}},"5":{"start":{"line":6,"column":0},"end":{"line":6,"column":68}},"6":{"start":{"line":7,"column":0},"end":{"line":7,"column":2}},"7":{"start":{"line":8,"column":0},"end":{"line":8,"column":15}},"8":{"start":{"line":9,"column":0},"end":{"line":9,"column":17}},"9":{"start":{"line":10,"column":0},"end":{"line":10,"column":39}},"10":{"start":{"line":11,"column":0},"end":{"line":11,"column":76}},"11":{"start":{"line":12,"column":0},"end":{"line":12,"column":11}},"12":{"start":{"line":13,"column":0},"end":{"line":13,"column":2}},"13":{"start":{"line":14,"column":0},"end":{"line":14,"column":25}},"14":{"start":{"line":15,"column":0},"end":{"line":15,"column":13}},"15":{"start":{"line":16,"column":0},"end":{"line":16,"column":2}},"16":{"start":{"line":17,"column":0},"end":{"line":17,"column":38}},"17":{"start":{"line":18,"column":0},"end":{"line":18,"column":13}},"18":{"start":{"line":19,"column":0},"end":{"line":19,"column":2}},"19":{"start":{"line":20,"column":0},"end":{"line":20,"column":21}},"20":{"start":{"line":21,"column":0},"end":{"line":21,"column":13}},"21":{"start":{"line":22,"column":0},"end":{"line":22,"column":2}},"22":{"start":{"line":23,"column":0},"end":{"line":23,"column":24}},"23":{"start":{"line":24,"column":0},"end":{"line":24,"column":14}},"24":{"start":{"line":25,"column":0},"end":{"line":25,"column":3}},"25":{"start":{"line":26,"column":0},"end":{"line":26,"column":29}},"26":{"start":{"line":27,"column":0},"end":{"line":27,"column":79}},"27":{"start":{"line":28,"column":0},"end":{"line":28,"column":1}},"28":{"start":{"line":29,"column":0},"end":{"line":29,"column":0}},"29":{"start":{"line":30,"column":0},"end":{"line":30,"column":26}}},"s":{"0":1,"1":1,"2":1,"3":1,"4":1,"5":1,"6":1,"7":1,"8":1,"9":1,"10":1,"11":1,"12":1,"13":1,"14":1,"15":1,"16":1,"17":1,"18":1,"19":1,"20":1,"21":1,"22":1,"23":1,"24":1,"25":27,"26":27,"27":27,"28":1,"29":1},"branchMap":{"0":{"type":"branch","line":26,"loc":{"start":{"line":26,"column":0},"end":{"line":28,"column":1}},"locations":[{"start":{"line":26,"column":0},"end":{"line":28,"column":1}}]},"1":{"type":"branch","line":27,"loc":{"start":{"line":27,"column":22},"end":{"line":27,"column":53}},"locations":[{"start":{"line":27,"column":22},"end":{"line":27,"column":53}}]},"2":{"type":"branch","line":27,"loc":{"start":{"line":27,"column":53},"end":{"line":27,"column":79}},"locations":[{"start":{"line":27,"column":53},"end":{"line":27,"column":79}}]}},"b":{"0":[27],"1":[25],"2":[25]},"fnMap":{"0":{"name":"isArrayLike","decl":{"start":{"line":26,"column":0},"end":{"line":28,"column":1}},"loc":{"start":{"line":26,"column":0},"end":{"line":28,"column":1}},"line":26}},"f":{"0":27}}
,"/home/ariel/Project/COMP.SE.200-2023-2024-1/src/isBoolean.js": {"path":"/home/ariel/Project/COMP.SE.200-2023-2024-1/src/isBoolean.js","all":false,"statementMap":{"0":{"start":{"line":1,"column":0},"end":{"line":1,"column":42}},"1":{"start":{"line":2,"column":0},"end":{"line":2,"column":44}},"2":{"start":{"line":3,"column":0},"end":{"line":3,"column":0}},"3":{"start":{"line":4,"column":0},"end":{"line":4,"column":3}},"4":{"start":{"line":5,"column":0},"end":{"line":5,"column":68}},"5":{"start":{"line":6,"column":0},"end":{"line":6,"column":2}},"6":{"start":{"line":7,"column":0},"end":{"line":7,"column":15}},"7":{"start":{"line":8,"column":0},"end":{"line":8,"column":17}},"8":{"start":{"line":9,"column":0},"end":{"line":9,"column":39}},"9":{"start":{"line":10,"column":0},"end":{"line":10,"column":75}},"10":{"start":{"line":11,"column":0},"end":{"line":11,"column":11}},"11":{"start":{"line":12,"column":0},"end":{"line":12,"column":2}},"12":{"start":{"line":13,"column":0},"end":{"line":13,"column":19}},"13":{"start":{"line":14,"column":0},"end":{"line":14,"column":13}},"14":{"start":{"line":15,"column":0},"end":{"line":15,"column":2}},"15":{"start":{"line":16,"column":0},"end":{"line":16,"column":18}},"16":{"start":{"line":17,"column":0},"end":{"line":17,"column":14}},"17":{"start":{"line":18,"column":0},"end":{"line":18,"column":3}},"18":{"start":{"line":19,"column":0},"end":{"line":19,"column":27}},"19":{"start":{"line":20,"column":0},"end":{"line":20,"column":45}},"20":{"start":{"line":21,"column":0},"end":{"line":21,"column":64}},"21":{"start":{"line":22,"column":0},"end":{"line":22,"column":1}},"22":{"start":{"line":23,"column":0},"end":{"line":23,"column":0}},"23":{"start":{"line":24,"column":0},"end":{"line":24,"column":24}}},"s":{"0":1,"1":1,"2":1,"3":1,"4":1,"5":1,"6":1,"7":1,"8":1,"9":1,"10":1,"11":1,"12":1,"13":1,"14":1,"15":1,"16":1,"17":1,"18":5,"19":5,"20":4,"21":5,"22":1,"23":1},"branchMap":{"0":{"type":"branch","line":19,"loc":{"start":{"line":19,"column":0},"end":{"line":22,"column":1}},"locations":[{"start":{"line":19,"column":0},"end":{"line":22,"column":1}}]},"1":{"type":"branch","line":20,"loc":{"start":{"line":20,"column":23},"end":{"line":20,"column":42}},"locations":[{"start":{"line":20,"column":23},"end":{"line":20,"column":42}}]},"2":{"type":"branch","line":20,"loc":{"start":{"line":20,"column":42},"end":{"line":21,"column":64}},"locations":[{"start":{"line":20,"column":42},"end":{"line":21,"column":64}}]},"3":{"type":"branch","line":21,"loc":{"start":{"line":21,"column":24},"end":{"line":21,"column":64}},"locations":[{"start":{"line":21,"column":24},"end":{"line":21,"column":64}}]}},"b":{"0":[5],"1":[4],"2":[4],"3":[1]},"fnMap":{"0":{"name":"isBoolean","decl":{"start":{"line":19,"column":0},"end":{"line":22,"column":1}},"loc":{"start":{"line":19,"column":0},"end":{"line":22,"column":1}},"line":19}},"f":{"0":5}}
,"/home/ariel/Project/COMP.SE.200-2023-2024-1/src/isBuffer.js": {"path":"/home/ariel/Project/COMP.SE.200-2023-2024-1/src/isBuffer.js","all":false,"statementMap":{"0":{"start":{"line":1,"column":0},"end":{"line":1,"column":38}},"1":{"start":{"line":2,"column":0},"end":{"line":2,"column":0}},"2":{"start":{"line":3,"column":0},"end":{"line":3,"column":38}},"3":{"start":{"line":4,"column":0},"end":{"line":4,"column":99}},"4":{"start":{"line":5,"column":0},"end":{"line":5,"column":0}},"5":{"start":{"line":6,"column":0},"end":{"line":6,"column":37}},"6":{"start":{"line":7,"column":0},"end":{"line":7,"column":109}},"7":{"start":{"line":8,"column":0},"end":{"line":8,"column":0}},"8":{"start":{"line":9,"column":0},"end":{"line":9,"column":62}},"9":{"start":{"line":10,"column":0},"end":{"line":10,"column":70}},"10":{"start":{"line":11,"column":0},"end":{"line":11,"column":0}},"11":{"start":{"line":12,"column":0},"end":{"line":12,"column":33}},"12":{"start":{"line":13,"column":0},"end":{"line":13,"column":54}},"13":{"start":{"line":14,"column":0},"end":{"line":14,"column":0}},"14":{"start":{"line":15,"column":0},"end":{"line":15,"column":88}},"15":{"start":{"line":16,"column":0},"end":{"line":16,"column":59}},"16":{"start":{"line":17,"column":0},"end":{"line":17,"column":0}},"17":{"start":{"line":18,"column":0},"end":{"line":18,"column":3}},"18":{"start":{"line":19,"column":0},"end":{"line":19,"column":33}},"19":{"start":{"line":20,"column":0},"end":{"line":20,"column":2}},"20":{"start":{"line":21,"column":0},"end":{"line":21,"column":15}},"21":{"start":{"line":22,"column":0},"end":{"line":22,"column":17}},"22":{"start":{"line":23,"column":0},"end":{"line":23,"column":39}},"23":{"start":{"line":24,"column":0},"end":{"line":24,"column":74}},"24":{"start":{"line":25,"column":0},"end":{"line":25,"column":11}},"25":{"start":{"line":26,"column":0},"end":{"line":26,"column":2}},"26":{"start":{"line":27,"column":0},"end":{"line":27,"column":26}},"27":{"start":{"line":28,"column":0},"end":{"line":28,"column":13}},"28":{"start":{"line":29,"column":0},"end":{"line":29,"column":2}},"29":{"start":{"line":30,"column":0},"end":{"line":30,"column":30}},"30":{"start":{"line":31,"column":0},"end":{"line":31,"column":14}},"31":{"start":{"line":32,"column":0},"end":{"line":32,"column":3}},"32":{"start":{"line":33,"column":0},"end":{"line":33,"column":48}},"33":{"start":{"line":34,"column":0},"end":{"line":34,"column":0}},"34":{"start":{"line":35,"column":0},"end":{"line":35,"column":23}}},"s":{"0":1,"1":1,"2":1,"3":1,"4":1,"5":1,"6":1,"7":1,"8":1,"9":1,"10":1,"11":1,"12":1,"13":1,"14":1,"15":1,"16":1,"17":1,"18":1,"19":1,"20":1,"21":1,"22":1,"23":1,"24":1,"25":1,"26":1,"27":1,"28":1,"29":1,"30":1,"31":1,"32":1,"33":1,"34":1},"branchMap":{"0":{"type":"branch","line":13,"loc":{"start":{"line":13,"column":42},"end":{"line":13,"column":54}},"locations":[{"start":{"line":13,"column":42},"end":{"line":13,"column":54}}]},"1":{"type":"branch","line":16,"loc":{"start":{"line":16,"column":47},"end":{"line":16,"column":59}},"locations":[{"start":{"line":16,"column":47},"end":{"line":16,"column":59}}]},"2":{"type":"branch","line":33,"loc":{"start":{"line":33,"column":31},"end":{"line":33,"column":48}},"locations":[{"start":{"line":33,"column":31},"end":{"line":33,"column":48}}]}},"b":{"0":[0],"1":[0],"2":[0]},"fnMap":{"0":{"name":"Object.<anonymous>.isBuffer","decl":{"start":{"line":33,"column":36},"end":{"line":33,"column":47}},"loc":{"start":{"line":33,"column":36},"end":{"line":33,"column":47}},"line":33}},"f":{"0":0}}
,"/home/ariel/Project/COMP.SE.200-2023-2024-1/src/isDate.js": {"path":"/home/ariel/Project/COMP.SE.200-2023-2024-1/src/isDate.js","all":false,"statementMap":{"0":{"start":{"line":1,"column":0},"end":{"line":1,"column":42}},"1":{"start":{"line":2,"column":0},"end":{"line":2,"column":44}},"2":{"start":{"line":3,"column":0},"end":{"line":3,"column":48}},"3":{"start":{"line":4,"column":0},"end":{"line":4,"column":0}},"4":{"start":{"line":5,"column":0},"end":{"line":5,"column":32}},"5":{"start":{"line":6,"column":0},"end":{"line":6,"column":48}},"6":{"start":{"line":7,"column":0},"end":{"line":7,"column":0}},"7":{"start":{"line":8,"column":0},"end":{"line":8,"column":3}},"8":{"start":{"line":9,"column":0},"end":{"line":9,"column":54}},"9":{"start":{"line":10,"column":0},"end":{"line":10,"column":2}},"10":{"start":{"line":11,"column":0},"end":{"line":11,"column":15}},"11":{"start":{"line":12,"column":0},"end":{"line":12,"column":17}},"12":{"start":{"line":13,"column":0},"end":{"line":13,"column":39}},"13":{"start":{"line":14,"column":0},"end":{"line":14,"column":79}},"14":{"start":{"line":15,"column":0},"end":{"line":15,"column":11}},"15":{"start":{"line":16,"column":0},"end":{"line":16,"column":2}},"16":{"start":{"line":17,"column":0},"end":{"line":17,"column":19}},"17":{"start":{"line":18,"column":0},"end":{"line":18,"column":13}},"18":{"start":{"line":19,"column":0},"end":{"line":19,"column":2}},"19":{"start":{"line":20,"column":0},"end":{"line":20,"column":30}},"20":{"start":{"line":21,"column":0},"end":{"line":21,"column":14}},"21":{"start":{"line":22,"column":0},"end":{"line":22,"column":3}},"22":{"start":{"line":23,"column":0},"end":{"line":23,"column":25}},"23":{"start":{"line":24,"column":0},"end":{"line":24,"column":32}},"24":{"start":{"line":25,"column":0},"end":{"line":25,"column":70}},"25":{"start":{"line":26,"column":0},"end":{"line":26,"column":0}},"26":{"start":{"line":27,"column":0},"end":{"line":27,"column":21}}},"s":{"0":1,"1":1,"2":1,"3":1,"4":1,"5":1,"6":1,"7":1,"8":1,"9":1,"10":1,"11":1,"12":1,"13":1,"14":1,"15":1,"16":1,"17":1,"18":1,"19":1,"20":1,"21":1,"22":1,"23":1,"24":0,"25":1,"26":1},"branchMap":{"0":{"type":"branch","line":25,"loc":{"start":{"line":25,"column":-1},"end":{"line":25,"column":70}},"locations":[{"start":{"line":25,"column":-1},"end":{"line":25,"column":70}}]},"1":{"type":"branch","line":24,"loc":{"start":{"line":24,"column":5},"end":{"line":24,"column":32}},"locations":[{"start":{"line":24,"column":5},"end":{"line":24,"column":32}}]}},"b":{"0":[0],"1":[2]},"fnMap":{"0":{"name":"Object.<anonymous>.isDate","decl":{"start":{"line":25,"column":5},"end":{"line":25,"column":70}},"loc":{"start":{"line":25,"column":5},"end":{"line":25,"column":70}},"line":25}},"f":{"0":0}}
,"/home/ariel/Project/COMP.SE.200-2023-2024-1/src/isEmpty.js": {"path":"/home/ariel/Project/COMP.SE.200-2023-2024-1/src/isEmpty.js","all":false,"statementMap":{"0":{"start":{"line":1,"column":0},"end":{"line":1,"column":42}},"1":{"start":{"line":2,"column":0},"end":{"line":2,"column":42}},"2":{"start":{"line":3,"column":0},"end":{"line":3,"column":42}},"3":{"start":{"line":4,"column":0},"end":{"line":4,"column":36}},"4":{"start":{"line":5,"column":0},"end":{"line":5,"column":52}},"5":{"start":{"line":6,"column":0},"end":{"line":6,"column":44}},"6":{"start":{"line":7,"column":0},"end":{"line":7,"column":0}},"7":{"start":{"line":8,"column":0},"end":{"line":8,"column":48}},"8":{"start":{"line":9,"column":0},"end":{"line":9,"column":54}},"9":{"start":{"line":10,"column":0},"end":{"line":10,"column":0}},"10":{"start":{"line":11,"column":0},"end":{"line":11,"column":3}},"11":{"start":{"line":12,"column":0},"end":{"line":12,"column":65}},"12":{"start":{"line":13,"column":0},"end":{"line":13,"column":2}},"13":{"start":{"line":14,"column":0},"end":{"line":14,"column":75}},"14":{"start":{"line":15,"column":0},"end":{"line":15,"column":14}},"15":{"start":{"line":16,"column":0},"end":{"line":16,"column":2}},"16":{"start":{"line":17,"column":0},"end":{"line":17,"column":78}},"17":{"start":{"line":18,"column":0},"end":{"line":18,"column":79}},"18":{"start":{"line":19,"column":0},"end":{"line":19,"column":78}},"19":{"start":{"line":20,"column":0},"end":{"line":20,"column":2}},"20":{"start":{"line":21,"column":0},"end":{"line":21,"column":15}},"21":{"start":{"line":22,"column":0},"end":{"line":22,"column":17}},"22":{"start":{"line":23,"column":0},"end":{"line":23,"column":39}},"23":{"start":{"line":24,"column":0},"end":{"line":24,"column":71}},"24":{"start":{"line":25,"column":0},"end":{"line":25,"column":11}},"25":{"start":{"line":26,"column":0},"end":{"line":26,"column":2}},"26":{"start":{"line":27,"column":0},"end":{"line":27,"column":16}},"27":{"start":{"line":28,"column":0},"end":{"line":28,"column":13}},"28":{"start":{"line":29,"column":0},"end":{"line":29,"column":2}},"29":{"start":{"line":30,"column":0},"end":{"line":30,"column":16}},"30":{"start":{"line":31,"column":0},"end":{"line":31,"column":13}},"31":{"start":{"line":32,"column":0},"end":{"line":32,"column":2}},"32":{"start":{"line":33,"column":0},"end":{"line":33,"column":13}},"33":{"start":{"line":34,"column":0},"end":{"line":34,"column":13}},"34":{"start":{"line":35,"column":0},"end":{"line":35,"column":2}},"35":{"start":{"line":36,"column":0},"end":{"line":36,"column":21}},"36":{"start":{"line":37,"column":0},"end":{"line":37,"column":14}},"37":{"start":{"line":38,"column":0},"end":{"line":38,"column":2}},"38":{"start":{"line":39,"column":0},"end":{"line":39,"column":17}},"39":{"start":{"line":40,"column":0},"end":{"line":40,"column":14}},"40":{"start":{"line":41,"column":0},"end":{"line":41,"column":2}},"41":{"start":{"line":42,"column":0},"end":{"line":42,"column":22}},"42":{"start":{"line":43,"column":0},"end":{"line":43,"column":14}},"43":{"start":{"line":44,"column":0},"end":{"line":44,"column":3}},"44":{"start":{"line":45,"column":0},"end":{"line":45,"column":25}},"45":{"start":{"line":46,"column":0},"end":{"line":46,"column":22}},"46":{"start":{"line":47,"column":0},"end":{"line":47,"column":15}},"47":{"start":{"line":48,"column":0},"end":{"line":48,"column":3}},"48":{"start":{"line":49,"column":0},"end":{"line":49,"column":27}},"49":{"start":{"line":50,"column":0},"end":{"line":50,"column":97}},"50":{"start":{"line":51,"column":0},"end":{"line":51,"column":72}},"51":{"start":{"line":52,"column":0},"end":{"line":52,"column":24}},"52":{"start":{"line":53,"column":0},"end":{"line":53,"column":3}},"53":{"start":{"line":54,"column":0},"end":{"line":54,"column":27}},"54":{"start":{"line":55,"column":0},"end":{"line":55,"column":55}},"55":{"start":{"line":56,"column":0},"end":{"line":56,"column":22}},"56":{"start":{"line":57,"column":0},"end":{"line":57,"column":3}},"57":{"start":{"line":58,"column":0},"end":{"line":58,"column":27}},"58":{"start":{"line":59,"column":0},"end":{"line":59,"column":37}},"59":{"start":{"line":60,"column":0},"end":{"line":60,"column":3}},"60":{"start":{"line":61,"column":0},"end":{"line":61,"column":28}},"61":{"start":{"line":62,"column":0},"end":{"line":62,"column":42}},"62":{"start":{"line":63,"column":0},"end":{"line":63,"column":18}},"63":{"start":{"line":64,"column":0},"end":{"line":64,"column":5}},"64":{"start":{"line":65,"column":0},"end":{"line":65,"column":3}},"65":{"start":{"line":66,"column":0},"end":{"line":66,"column":13}},"66":{"start":{"line":67,"column":0},"end":{"line":67,"column":1}},"67":{"start":{"line":68,"column":0},"end":{"line":68,"column":0}},"68":{"start":{"line":69,"column":0},"end":{"line":69,"column":22}}},"s":{"0":1,"1":1,"2":1,"3":1,"4":1,"5":1,"6":1,"7":1,"8":1,"9":1,"10":1,"11":1,"12":1,"13":1,"14":1,"15":1,"16":1,"17":1,"18":1,"19":1,"20":1,"21":1,"22":1,"23":1,"24":1,"25":1,"26":1,"27":1,"28":1,"29":1,"30":1,"31":1,"32":1,"33":1,"34":1,"35":1,"36":1,"37":1,"38":1,"39":1,"40":1,"41":1,"42":1,"43":1,"44":19,"45":19,"46":2,"47":2,"48":17,"49":6,"50":19,"51":6,"52":6,"53":11,"54":19,"55":4,"56":4,"57":19,"58":0,"59":0,"60":19,"61":2,"62":2,"63":2,"64":2,"65":5,"66":5,"67":1,"68":1},"branchMap":{"0":{"type":"branch","line":45,"loc":{"start":{"line":45,"column":0},"end":{"line":67,"column":1}},"locations":[{"start":{"line":45,"column":0},"end":{"line":67,"column":1}}]},"1":{"type":"branch","line":46,"loc":{"start":{"line":46,"column":21},"end":{"line":48,"column":3}},"locations":[{"start":{"line":46,"column":21},"end":{"line":48,"column":3}}]},"2":{"type":"branch","line":48,"loc":{"start":{"line":48,"column":2},"end":{"line":49,"column":27}},"locations":[{"start":{"line":48,"column":2},"end":{"line":49,"column":27}}]},"3":{"type":"branch","line":49,"loc":{"start":{"line":49,"column":24},"end":{"line":51,"column":69}},"locations":[{"start":{"line":49,"column":24},"end":{"line":51,"column":69}}]},"4":{"type":"branch","line":50,"loc":{"start":{"line":50,"column":27},"end":{"line":50,"column":56}},"locations":[{"start":{"line":50,"column":27},"end":{"line":50,"column":56}}]},"5":{"type":"branch","line":50,"loc":{"start":{"line":50,"column":56},"end":{"line":50,"column":94}},"locations":[{"start":{"line":50,"column":56},"end":{"line":50,"column":94}}]},"6":{"type":"branch","line":50,"loc":{"start":{"line":50,"column":94},"end":{"line":51,"column":23}},"locations":[{"start":{"line":50,"column":94},"end":{"line":51,"column":23}}]},"7":{"type":"branch","line":51,"loc":{"start":{"line":51,"column":23},"end":{"line":51,"column":46}},"locations":[{"start":{"line":51,"column":23},"end":{"line":51,"column":46}}]},"8":{"type":"branch","line":51,"loc":{"start":{"line":51,"column":46},"end":{"line":51,"column":68}},"locations":[{"start":{"line":51,"column":46},"end":{"line":51,"column":68}}]},"9":{"type":"branch","line":51,"loc":{"start":{"line":51,"column":71},"end":{"line":53,"column":3}},"locations":[{"start":{"line":51,"column":71},"end":{"line":53,"column":3}}]},"10":{"type":"branch","line":53,"loc":{"start":{"line":53,"column":2},"end":{"line":55,"column":31}},"locations":[{"start":{"line":53,"column":2},"end":{"line":55,"column":31}}]},"11":{"type":"branch","line":55,"loc":{"start":{"line":55,"column":27},"end":{"line":55,"column":52}},"locations":[{"start":{"line":55,"column":27},"end":{"line":55,"column":52}}]},"12":{"type":"branch","line":55,"loc":{"start":{"line":55,"column":54},"end":{"line":57,"column":3}},"locations":[{"start":{"line":55,"column":54},"end":{"line":57,"column":3}}]},"13":{"type":"branch","line":57,"loc":{"start":{"line":57,"column":2},"end":{"line":58,"column":26}},"locations":[{"start":{"line":57,"column":2},"end":{"line":58,"column":26}}]},"14":{"type":"branch","line":58,"loc":{"start":{"line":58,"column":26},"end":{"line":60,"column":3}},"locations":[{"start":{"line":58,"column":26},"end":{"line":60,"column":3}}]},"15":{"type":"branch","line":60,"loc":{"start":{"line":60,"column":2},"end":{"line":61,"column":27}},"locations":[{"start":{"line":60,"column":2},"end":{"line":61,"column":27}}]},"16":{"type":"branch","line":61,"loc":{"start":{"line":61,"column":27},"end":{"line":65,"column":3}},"locations":[{"start":{"line":61,"column":27},"end":{"line":65,"column":3}}]},"17":{"type":"branch","line":65,"loc":{"start":{"line":65,"column":2},"end":{"line":67,"column":1}},"locations":[{"start":{"line":65,"column":2},"end":{"line":67,"column":1}}]}},"b":{"0":[19],"1":[2],"2":[17],"3":[6],"4":[3],"5":[0],"6":[0],"7":[0],"8":[0],"9":[6],"10":[11],"11":[9],"12":[4],"13":[7],"14":[0],"15":[7],"16":[2],"17":[5]},"fnMap":{"0":{"name":"isEmpty","decl":{"start":{"line":45,"column":0},"end":{"line":67,"column":1}},"loc":{"start":{"line":45,"column":0},"end":{"line":67,"column":1}},"line":45}},"f":{"0":19}}
,"/home/ariel/Project/COMP.SE.200-2023-2024-1/src/isLength.js": {"path":"/home/ariel/Project/COMP.SE.200-2023-2024-1/src/isLength.js","all":false,"statementMap":{"0":{"start":{"line":1,"column":0},"end":{"line":1,"column":57}},"1":{"start":{"line":2,"column":0},"end":{"line":2,"column":41}},"2":{"start":{"line":3,"column":0},"end":{"line":3,"column":0}},"3":{"start":{"line":4,"column":0},"end":{"line":4,"column":3}},"4":{"start":{"line":5,"column":0},"end":{"line":5,"column":50}},"5":{"start":{"line":6,"column":0},"end":{"line":6,"column":2}},"6":{"start":{"line":7,"column":0},"end":{"line":7,"column":44}},"7":{"start":{"line":8,"column":0},"end":{"line":8,"column":74}},"8":{"start":{"line":9,"column":0},"end":{"line":9,"column":2}},"9":{"start":{"line":10,"column":0},"end":{"line":10,"column":15}},"10":{"start":{"line":11,"column":0},"end":{"line":11,"column":17}},"11":{"start":{"line":12,"column":0},"end":{"line":12,"column":39}},"12":{"start":{"line":13,"column":0},"end":{"line":13,"column":80}},"13":{"start":{"line":14,"column":0},"end":{"line":14,"column":11}},"14":{"start":{"line":15,"column":0},"end":{"line":15,"column":2}},"15":{"start":{"line":16,"column":0},"end":{"line":16,"column":14}},"16":{"start":{"line":17,"column":0},"end":{"line":17,"column":13}},"17":{"start":{"line":18,"column":0},"end":{"line":18,"column":2}},"18":{"start":{"line":19,"column":0},"end":{"line":19,"column":29}},"19":{"start":{"line":20,"column":0},"end":{"line":20,"column":14}},"20":{"start":{"line":21,"column":0},"end":{"line":21,"column":2}},"21":{"start":{"line":22,"column":0},"end":{"line":22,"column":21}},"22":{"start":{"line":23,"column":0},"end":{"line":23,"column":14}},"23":{"start":{"line":24,"column":0},"end":{"line":24,"column":2}},"24":{"start":{"line":25,"column":0},"end":{"line":25,"column":16}},"25":{"start":{"line":26,"column":0},"end":{"line":26,"column":14}},"26":{"start":{"line":27,"column":0},"end":{"line":27,"column":3}},"27":{"start":{"line":28,"column":0},"end":{"line":28,"column":26}},"28":{"start":{"line":29,"column":0},"end":{"line":29,"column":37}},"29":{"start":{"line":30,"column":0},"end":{"line":30,"column":61}},"30":{"start":{"line":31,"column":0},"end":{"line":31,"column":1}},"31":{"start":{"line":32,"column":0},"end":{"line":32,"column":0}},"32":{"start":{"line":33,"column":0},"end":{"line":33,"column":23}}},"s":{"0":1,"1":1,"2":1,"3":1,"4":1,"5":1,"6":1,"7":1,"8":1,"9":1,"10":1,"11":1,"12":1,"13":1,"14":1,"15":1,"16":1,"17":1,"18":1,"19":1,"20":1,"21":1,"22":1,"23":1,"24":1,"25":1,"26":1,"27":37,"28":37,"29":37,"30":37,"31":1,"32":1},"branchMap":{"0":{"type":"branch","line":28,"loc":{"start":{"line":28,"column":0},"end":{"line":31,"column":1}},"locations":[{"start":{"line":28,"column":0},"end":{"line":31,"column":1}}]},"1":{"type":"branch","line":29,"loc":{"start":{"line":29,"column":34},"end":{"line":30,"column":14}},"locations":[{"start":{"line":29,"column":34},"end":{"line":30,"column":14}}]},"2":{"type":"branch","line":30,"loc":{"start":{"line":30,"column":14},"end":{"line":30,"column":32}},"locations":[{"start":{"line":30,"column":14},"end":{"line":30,"column":32}}]},"3":{"type":"branch","line":30,"loc":{"start":{"line":30,"column":32},"end":{"line":30,"column":61}},"locations":[{"start":{"line":30,"column":32},"end":{"line":30,"column":61}}]}},"b":{"0":[37],"1":[14],"2":[13],"3":[10]},"fnMap":{"0":{"name":"isLength","decl":{"start":{"line":28,"column":0},"end":{"line":31,"column":1}},"loc":{"start":{"line":28,"column":0},"end":{"line":31,"column":1}},"line":28}},"f":{"0":37}}
,"/home/ariel/Project/COMP.SE.200-2023-2024-1/src/isObjectLike.js": {"path":"/home/ariel/Project/COMP.SE.200-2023-2024-1/src/isObjectLike.js","all":false,"statementMap":{"0":{"start":{"line":1,"column":0},"end":{"line":1,"column":3}},"1":{"start":{"line":2,"column":0},"end":{"line":2,"column":78}},"2":{"start":{"line":3,"column":0},"end":{"line":3,"column":41}},"3":{"start":{"line":4,"column":0},"end":{"line":4,"column":2}},"4":{"start":{"line":5,"column":0},"end":{"line":5,"column":15}},"5":{"start":{"line":6,"column":0},"end":{"line":6,"column":17}},"6":{"start":{"line":7,"column":0},"end":{"line":7,"column":39}},"7":{"start":{"line":8,"column":0},"end":{"line":8,"column":77}},"8":{"start":{"line":9,"column":0},"end":{"line":9,"column":11}},"9":{"start":{"line":10,"column":0},"end":{"line":10,"column":2}},"10":{"start":{"line":11,"column":0},"end":{"line":11,"column":19}},"11":{"start":{"line":12,"column":0},"end":{"line":12,"column":13}},"12":{"start":{"line":13,"column":0},"end":{"line":13,"column":2}},"13":{"start":{"line":14,"column":0},"end":{"line":14,"column":26}},"14":{"start":{"line":15,"column":0},"end":{"line":15,"column":13}},"15":{"start":{"line":16,"column":0},"end":{"line":16,"column":2}},"16":{"start":{"line":17,"column":0},"end":{"line":17,"column":25}},"17":{"start":{"line":18,"column":0},"end":{"line":18,"column":14}},"18":{"start":{"line":19,"column":0},"end":{"line":19,"column":2}},"19":{"start":{"line":20,"column":0},"end":{"line":20,"column":21}},"20":{"start":{"line":21,"column":0},"end":{"line":21,"column":14}},"21":{"start":{"line":22,"column":0},"end":{"line":22,"column":3}},"22":{"start":{"line":23,"column":0},"end":{"line":23,"column":30}},"23":{"start":{"line":24,"column":0},"end":{"line":24,"column":52}},"24":{"start":{"line":25,"column":0},"end":{"line":25,"column":1}},"25":{"start":{"line":26,"column":0},"end":{"line":26,"column":0}},"26":{"start":{"line":27,"column":0},"end":{"line":27,"column":27}}},"s":{"0":1,"1":1,"2":1,"3":1,"4":1,"5":1,"6":1,"7":1,"8":1,"9":1,"10":1,"11":1,"12":1,"13":1,"14":1,"15":1,"16":1,"17":1,"18":1,"19":1,"20":1,"21":1,"22":5,"23":5,"24":5,"25":1,"26":1},"branchMap":{"0":{"type":"branch","line":23,"loc":{"start":{"line":23,"column":0},"end":{"line":25,"column":1}},"locations":[{"start":{"line":23,"column":0},"end":{"line":25,"column":1}}]},"1":{"type":"branch","line":24,"loc":{"start":{"line":24,"column":34},"end":{"line":24,"column":52}},"locations":[{"start":{"line":24,"column":34},"end":{"line":24,"column":52}}]}},"b":{"0":[5],"1":[2]},"fnMap":{"0":{"name":"isObjectLike","decl":{"start":{"line":23,"column":0},"end":{"line":25,"column":1}},"loc":{"start":{"line":23,"column":0},"end":{"line":25,"column":1}},"line":23}},"f":{"0":5}}
,"/home/ariel/Project/COMP.SE.200-2023-2024-1/src/isSymbol.js": {"path":"/home/ariel/Project/COMP.SE.200-2023-2024-1/src/isSymbol.js","all":false,"statementMap":{"0":{"start":{"line":1,"column":0},"end":{"line":1,"column":42}},"1":{"start":{"line":2,"column":0},"end":{"line":2,"column":0}},"2":{"start":{"line":3,"column":0},"end":{"line":3,"column":3}},"3":{"start":{"line":4,"column":0},"end":{"line":4,"column":69}},"4":{"start":{"line":5,"column":0},"end":{"line":5,"column":2}},"5":{"start":{"line":6,"column":0},"end":{"line":6,"column":15}},"6":{"start":{"line":7,"column":0},"end":{"line":7,"column":17}},"7":{"start":{"line":8,"column":0},"end":{"line":8,"column":39}},"8":{"start":{"line":9,"column":0},"end":{"line":9,"column":74}},"9":{"start":{"line":10,"column":0},"end":{"line":10,"column":11}},"10":{"start":{"line":11,"column":0},"end":{"line":11,"column":2}},"11":{"start":{"line":12,"column":0},"end":{"line":12,"column":28}},"12":{"start":{"line":13,"column":0},"end":{"line":13,"column":13}},"13":{"start":{"line":14,"column":0},"end":{"line":14,"column":2}},"14":{"start":{"line":15,"column":0},"end":{"line":15,"column":18}},"15":{"start":{"line":16,"column":0},"end":{"line":16,"column":14}},"16":{"start":{"line":17,"column":0},"end":{"line":17,"column":3}},"17":{"start":{"line":18,"column":0},"end":{"line":18,"column":26}},"18":{"start":{"line":19,"column":0},"end":{"line":19,"column":27}},"19":{"start":{"line":20,"column":0},"end":{"line":20,"column":103}},"20":{"start":{"line":21,"column":0},"end":{"line":21,"column":1}},"21":{"start":{"line":22,"column":0},"end":{"line":22,"column":0}},"22":{"start":{"line":23,"column":0},"end":{"line":23,"column":23}}},"s":{"0":1,"1":1,"2":1,"3":1,"4":1,"5":1,"6":1,"7":1,"8":1,"9":1,"10":1,"11":1,"12":1,"13":1,"14":1,"15":1,"16":1,"17":20,"18":20,"19":20,"20":20,"21":1,"22":1},"branchMap":{"0":{"type":"branch","line":18,"loc":{"start":{"line":18,"column":0},"end":{"line":21,"column":1}},"locations":[{"start":{"line":18,"column":0},"end":{"line":21,"column":1}}]},"1":{"type":"branch","line":20,"loc":{"start":{"line":20,"column":25},"end":{"line":20,"column":103}},"locations":[{"start":{"line":20,"column":25},"end":{"line":20,"column":103}}]},"2":{"type":"branch","line":20,"loc":{"start":{"line":20,"column":47},"end":{"line":20,"column":64}},"locations":[{"start":{"line":20,"column":47},"end":{"line":20,"column":64}}]},"3":{"type":"branch","line":20,"loc":{"start":{"line":20,"column":64},"end":{"line":20,"column":103}},"locations":[{"start":{"line":20,"column":64},"end":{"line":20,"column":103}}]}},"b":{"0":[20],"1":[18],"2":[3],"3":[2]},"fnMap":{"0":{"name":"isSymbol","decl":{"start":{"line":18,"column":0},"end":{"line":21,"column":1}},"loc":{"start":{"line":18,"column":0},"end":{"line":21,"column":1}},"line":18}},"f":{"0":20}}
,"/home/ariel/Project/COMP.SE.200-2023-2024-1/src/isTypedArray.js": {"path":"/home/ariel/Project/COMP.SE.200-2023-2024-1/src/isTypedArray.js","all":false,"statementMap":{"0":{"start":{"line":1,"column":0},"end":{"line":1,"column":42}},"1":{"start":{"line":2,"column":0},"end":{"line":2,"column":48}},"2":{"start":{"line":3,"column":0},"end":{"line":3,"column":44}},"3":{"start":{"line":4,"column":0},"end":{"line":4,"column":0}},"4":{"start":{"line":5,"column":0},"end":{"line":5,"column":58}},"5":{"start":{"line":6,"column":0},"end":{"line":6,"column":94}},"6":{"start":{"line":7,"column":0},"end":{"line":7,"column":0}},"7":{"start":{"line":8,"column":0},"end":{"line":8,"column":32}},"8":{"start":{"line":9,"column":0},"end":{"line":9,"column":60}},"9":{"start":{"line":10,"column":0},"end":{"line":10,"column":0}},"10":{"start":{"line":11,"column":0},"end":{"line":11,"column":3}},"11":{"start":{"line":12,"column":0},"end":{"line":12,"column":52}},"12":{"start":{"line":13,"column":0},"end":{"line":13,"column":2}},"13":{"start":{"line":14,"column":0},"end":{"line":14,"column":15}},"14":{"start":{"line":15,"column":0},"end":{"line":15,"column":17}},"15":{"start":{"line":16,"column":0},"end":{"line":16,"column":39}},"16":{"start":{"line":17,"column":0},"end":{"line":17,"column":79}},"17":{"start":{"line":18,"column":0},"end":{"line":18,"column":11}},"18":{"start":{"line":19,"column":0},"end":{"line":19,"column":2}},"19":{"start":{"line":20,"column":0},"end":{"line":20,"column":31}},"20":{"start":{"line":21,"column":0},"end":{"line":21,"column":13}},"21":{"start":{"line":22,"column":0},"end":{"line":22,"column":2}},"22":{"start":{"line":23,"column":0},"end":{"line":23,"column":19}},"23":{"start":{"line":24,"column":0},"end":{"line":24,"column":14}},"24":{"start":{"line":25,"column":0},"end":{"line":25,"column":3}},"25":{"start":{"line":26,"column":0},"end":{"line":26,"column":37}},"26":{"start":{"line":27,"column":0},"end":{"line":27,"column":38}},"27":{"start":{"line":28,"column":0},"end":{"line":28,"column":68}},"28":{"start":{"line":29,"column":0},"end":{"line":29,"column":0}},"29":{"start":{"line":30,"column":0},"end":{"line":30,"column":27}}},"s":{"0":1,"1":1,"2":1,"3":1,"4":1,"5":1,"6":1,"7":1,"8":1,"9":1,"10":1,"11":1,"12":1,"13":1,"14":1,"15":1,"16":1,"17":1,"18":1,"19":1,"20":1,"21":1,"22":1,"23":1,"24":1,"25":1,"26":1,"27":0,"28":1,"29":1},"branchMap":{"0":{"type":"branch","line":28,"loc":{"start":{"line":28,"column":-1},"end":{"line":28,"column":68}},"locations":[{"start":{"line":28,"column":-1},"end":{"line":28,"column":68}}]},"1":{"type":"branch","line":27,"loc":{"start":{"line":27,"column":5},"end":{"line":27,"column":38}},"locations":[{"start":{"line":27,"column":5},"end":{"line":27,"column":38}}]}},"b":{"0":[0],"1":[1]},"fnMap":{"0":{"name":"Object.<anonymous>.isTypedArray","decl":{"start":{"line":28,"column":5},"end":{"line":28,"column":68}},"loc":{"start":{"line":28,"column":5},"end":{"line":28,"column":68}},"line":28}},"f":{"0":0}}
,"/home/ariel/Project/COMP.SE.200-2023-2024-1/src/keys.js": {"path":"/home/ariel/Project/COMP.SE.200-2023-2024-1/src/keys.js","all":false,"statementMap":{"0":{"start":{"line":1,"column":0},"end":{"line":1,"column":56}},"1":{"start":{"line":2,"column":0},"end":{"line":2,"column":42}},"2":{"start":{"line":3,"column":0},"end":{"line":3,"column":0}},"3":{"start":{"line":4,"column":0},"end":{"line":4,"column":3}},"4":{"start":{"line":5,"column":0},"end":{"line":5,"column":69}},"5":{"start":{"line":6,"column":0},"end":{"line":6,"column":2}},"6":{"start":{"line":7,"column":0},"end":{"line":7,"column":62}},"7":{"start":{"line":8,"column":0},"end":{"line":8,"column":73}},"8":{"start":{"line":9,"column":0},"end":{"line":9,"column":20}},"9":{"start":{"line":10,"column":0},"end":{"line":10,"column":2}},"10":{"start":{"line":11,"column":0},"end":{"line":11,"column":15}},"11":{"start":{"line":12,"column":0},"end":{"line":12,"column":19}},"12":{"start":{"line":13,"column":0},"end":{"line":13,"column":46}},"13":{"start":{"line":14,"column":0},"end":{"line":14,"column":56}},"14":{"start":{"line":15,"column":0},"end":{"line":15,"column":24}},"15":{"start":{"line":16,"column":0},"end":{"line":16,"column":11}},"16":{"start":{"line":17,"column":0},"end":{"line":17,"column":2}},"17":{"start":{"line":18,"column":0},"end":{"line":18,"column":19}},"18":{"start":{"line":19,"column":0},"end":{"line":19,"column":15}},"19":{"start":{"line":20,"column":0},"end":{"line":20,"column":15}},"20":{"start":{"line":21,"column":0},"end":{"line":21,"column":4}},"21":{"start":{"line":22,"column":0},"end":{"line":22,"column":2}},"22":{"start":{"line":23,"column":0},"end":{"line":23,"column":22}},"23":{"start":{"line":24,"column":0},"end":{"line":24,"column":2}},"24":{"start":{"line":25,"column":0},"end":{"line":25,"column":16}},"25":{"start":{"line":26,"column":0},"end":{"line":26,"column":55}},"26":{"start":{"line":27,"column":0},"end":{"line":27,"column":2}},"27":{"start":{"line":28,"column":0},"end":{"line":28,"column":13}},"28":{"start":{"line":29,"column":0},"end":{"line":29,"column":19}},"29":{"start":{"line":30,"column":0},"end":{"line":30,"column":3}},"30":{"start":{"line":31,"column":0},"end":{"line":31,"column":23}},"31":{"start":{"line":32,"column":0},"end":{"line":32,"column":28}},"32":{"start":{"line":33,"column":0},"end":{"line":33,"column":27}},"33":{"start":{"line":34,"column":0},"end":{"line":34,"column":33}},"34":{"start":{"line":35,"column":0},"end":{"line":35,"column":1}},"35":{"start":{"line":36,"column":0},"end":{"line":36,"column":0}},"36":{"start":{"line":37,"column":0},"end":{"line":37,"column":19}}},"s":{"0":1,"1":1,"2":1,"3":1,"4":1,"5":1,"6":1,"7":1,"8":1,"9":1,"10":1,"11":1,"12":1,"13":1,"14":1,"15":1,"16":1,"17":1,"18":1,"19":1,"20":1,"21":1,"22":1,"23":1,"24":1,"25":1,"26":1,"27":1,"28":1,"29":1,"30":9,"31":9,"32":1,"33":8,"34":9,"35":1,"36":1},"branchMap":{"0":{"type":"branch","line":31,"loc":{"start":{"line":31,"column":0},"end":{"line":35,"column":1}},"locations":[{"start":{"line":31,"column":0},"end":{"line":35,"column":1}}]},"1":{"type":"branch","line":33,"loc":{"start":{"line":33,"column":-1},"end":{"line":33,"column":27}},"locations":[{"start":{"line":33,"column":-1},"end":{"line":33,"column":27}}]},"2":{"type":"branch","line":34,"loc":{"start":{"line":34,"column":-1},"end":{"line":34,"column":33}},"locations":[{"start":{"line":34,"column":-1},"end":{"line":34,"column":33}}]}},"b":{"0":[9],"1":[1],"2":[8]},"fnMap":{"0":{"name":"keys","decl":{"start":{"line":31,"column":0},"end":{"line":35,"column":1}},"loc":{"start":{"line":31,"column":0},"end":{"line":35,"column":1}},"line":31}},"f":{"0":9}}
,"/home/ariel/Project/COMP.SE.200-2023-2024-1/src/map.js": {"path":"/home/ariel/Project/COMP.SE.200-2023-2024-1/src/map.js","all":false,"statementMap":{"0":{"start":{"line":1,"column":0},"end":{"line":1,"column":3}},"1":{"start":{"line":2,"column":0},"end":{"line":2,"column":81}},"2":{"start":{"line":3,"column":0},"end":{"line":3,"column":71}},"3":{"start":{"line":4,"column":0},"end":{"line":4,"column":2}},"4":{"start":{"line":5,"column":0},"end":{"line":5,"column":15}},"5":{"start":{"line":6,"column":0},"end":{"line":6,"column":18}},"6":{"start":{"line":7,"column":0},"end":{"line":7,"column":50}},"7":{"start":{"line":8,"column":0},"end":{"line":8,"column":65}},"8":{"start":{"line":9,"column":0},"end":{"line":9,"column":49}},"9":{"start":{"line":10,"column":0},"end":{"line":10,"column":11}},"10":{"start":{"line":11,"column":0},"end":{"line":11,"column":2}},"11":{"start":{"line":12,"column":0},"end":{"line":12,"column":23}},"12":{"start":{"line":13,"column":0},"end":{"line":13,"column":17}},"13":{"start":{"line":14,"column":0},"end":{"line":14,"column":4}},"14":{"start":{"line":15,"column":0},"end":{"line":15,"column":2}},"15":{"start":{"line":16,"column":0},"end":{"line":16,"column":22}},"16":{"start":{"line":17,"column":0},"end":{"line":17,"column":17}},"17":{"start":{"line":18,"column":0},"end":{"line":18,"column":3}},"18":{"start":{"line":19,"column":0},"end":{"line":19,"column":31}},"19":{"start":{"line":20,"column":0},"end":{"line":20,"column":16}},"20":{"start":{"line":21,"column":0},"end":{"line":21,"column":49}},"21":{"start":{"line":22,"column":0},"end":{"line":22,"column":34}},"22":{"start":{"line":23,"column":0},"end":{"line":23,"column":0}},"23":{"start":{"line":24,"column":0},"end":{"line":24,"column":28}},"24":{"start":{"line":25,"column":0},"end":{"line":25,"column":56}},"25":{"start":{"line":26,"column":0},"end":{"line":26,"column":3}},"26":{"start":{"line":27,"column":0},"end":{"line":27,"column":15}},"27":{"start":{"line":28,"column":0},"end":{"line":28,"column":1}},"28":{"start":{"line":29,"column":0},"end":{"line":29,"column":0}},"29":{"start":{"line":30,"column":0},"end":{"line":30,"column":18}}},"s":{"0":1,"1":1,"2":1,"3":1,"4":1,"5":1,"6":1,"7":1,"8":1,"9":1,"10":1,"11":1,"12":1,"13":1,"14":1,"15":1,"16":1,"17":1,"18":5,"19":5,"20":5,"21":5,"22":5,"23":5,"24":5,"25":5,"26":5,"27":5,"28":1,"29":1},"branchMap":{"0":{"type":"branch","line":19,"loc":{"start":{"line":19,"column":0},"end":{"line":28,"column":1}},"locations":[{"start":{"line":19,"column":0},"end":{"line":28,"column":1}}]},"1":{"type":"branch","line":21,"loc":{"start":{"line":21,"column":30},"end":{"line":21,"column":34}},"locations":[{"start":{"line":21,"column":30},"end":{"line":21,"column":34}}]},"2":{"type":"branch","line":21,"loc":{"start":{"line":21,"column":34},"end":{"line":21,"column":49}},"locations":[{"start":{"line":21,"column":34},"end":{"line":21,"column":49}}]}},"b":{"0":[5],"1":[2],"2":[3]},"fnMap":{"0":{"name":"map","decl":{"start":{"line":19,"column":0},"end":{"line":28,"column":1}},"loc":{"start":{"line":19,"column":0},"end":{"line":28,"column":1}},"line":19}},"f":{"0":5}}
,"/home/ariel/Project/COMP.SE.200-2023-2024-1/src/memoize.js": {"path":"/home/ariel/Project/COMP.SE.200-2023-2024-1/src/memoize.js","all":false,"statementMap":{"0":{"start":{"line":1,"column":0},"end":{"line":1,"column":3}},"1":{"start":{"line":2,"column":0},"end":{"line":2,"column":74}},"2":{"start":{"line":3,"column":0},"end":{"line":3,"column":76}},"3":{"start":{"line":4,"column":0},"end":{"line":4,"column":78}},"4":{"start":{"line":5,"column":0},"end":{"line":5,"column":77}},"5":{"start":{"line":6,"column":0},"end":{"line":6,"column":63}},"6":{"start":{"line":7,"column":0},"end":{"line":7,"column":2}},"7":{"start":{"line":8,"column":0},"end":{"line":8,"column":73}},"8":{"start":{"line":9,"column":0},"end":{"line":9,"column":76}},"9":{"start":{"line":10,"column":0},"end":{"line":10,"column":53}},"10":{"start":{"line":11,"column":0},"end":{"line":11,"column":98}},"11":{"start":{"line":12,"column":0},"end":{"line":12,"column":66}},"12":{"start":{"line":13,"column":0},"end":{"line":13,"column":2}},"13":{"start":{"line":14,"column":0},"end":{"line":14,"column":15}},"14":{"start":{"line":15,"column":0},"end":{"line":15,"column":21}},"15":{"start":{"line":16,"column":0},"end":{"line":16,"column":67}},"16":{"start":{"line":17,"column":0},"end":{"line":17,"column":70}},"17":{"start":{"line":18,"column":0},"end":{"line":18,"column":57}},"18":{"start":{"line":19,"column":0},"end":{"line":19,"column":11}},"19":{"start":{"line":20,"column":0},"end":{"line":20,"column":2}},"20":{"start":{"line":21,"column":0},"end":{"line":21,"column":36}},"21":{"start":{"line":22,"column":0},"end":{"line":22,"column":35}},"22":{"start":{"line":23,"column":0},"end":{"line":23,"column":2}},"23":{"start":{"line":24,"column":0},"end":{"line":24,"column":33}},"24":{"start":{"line":25,"column":0},"end":{"line":25,"column":17}},"25":{"start":{"line":26,"column":0},"end":{"line":26,"column":15}},"26":{"start":{"line":27,"column":0},"end":{"line":27,"column":2}},"27":{"start":{"line":28,"column":0},"end":{"line":28,"column":16}},"28":{"start":{"line":29,"column":0},"end":{"line":29,"column":15}},"29":{"start":{"line":30,"column":0},"end":{"line":30,"column":2}},"30":{"start":{"line":31,"column":0},"end":{"line":31,"column":15}},"31":{"start":{"line":32,"column":0},"end":{"line":32,"column":17}},"32":{"start":{"line":33,"column":0},"end":{"line":33,"column":15}},"33":{"start":{"line":34,"column":0},"end":{"line":34,"column":2}},"34":{"start":{"line":35,"column":0},"end":{"line":35,"column":30}},"35":{"start":{"line":36,"column":0},"end":{"line":36,"column":39}},"36":{"start":{"line":37,"column":0},"end":{"line":37,"column":17}},"37":{"start":{"line":38,"column":0},"end":{"line":38,"column":19}},"38":{"start":{"line":39,"column":0},"end":{"line":39,"column":2}},"39":{"start":{"line":40,"column":0},"end":{"line":40,"column":30}},"40":{"start":{"line":41,"column":0},"end":{"line":41,"column":26}},"41":{"start":{"line":42,"column":0},"end":{"line":42,"column":3}},"42":{"start":{"line":43,"column":0},"end":{"line":43,"column":34}},"43":{"start":{"line":44,"column":0},"end":{"line":44,"column":91}},"44":{"start":{"line":45,"column":0},"end":{"line":45,"column":46}},"45":{"start":{"line":46,"column":0},"end":{"line":46,"column":3}},"46":{"start":{"line":47,"column":0},"end":{"line":47,"column":38}},"47":{"start":{"line":48,"column":0},"end":{"line":48,"column":63}},"48":{"start":{"line":49,"column":0},"end":{"line":49,"column":32}},"49":{"start":{"line":50,"column":0},"end":{"line":50,"column":0}},"50":{"start":{"line":51,"column":0},"end":{"line":51,"column":25}},"51":{"start":{"line":52,"column":0},"end":{"line":52,"column":27}},"52":{"start":{"line":53,"column":0},"end":{"line":53,"column":5}},"53":{"start":{"line":54,"column":0},"end":{"line":54,"column":41}},"54":{"start":{"line":55,"column":0},"end":{"line":55,"column":52}},"55":{"start":{"line":56,"column":0},"end":{"line":56,"column":17}},"56":{"start":{"line":57,"column":0},"end":{"line":57,"column":3}},"57":{"start":{"line":58,"column":0},"end":{"line":58,"column":45}},"58":{"start":{"line":59,"column":0},"end":{"line":59,"column":17}},"59":{"start":{"line":60,"column":0},"end":{"line":60,"column":1}},"60":{"start":{"line":61,"column":0},"end":{"line":61,"column":0}},"61":{"start":{"line":62,"column":0},"end":{"line":62,"column":19}},"62":{"start":{"line":63,"column":0},"end":{"line":63,"column":0}},"63":{"start":{"line":64,"column":0},"end":{"line":64,"column":22}}},"s":{"0":1,"1":1,"2":1,"3":1,"4":1,"5":1,"6":1,"7":1,"8":1,"9":1,"10":1,"11":1,"12":1,"13":1,"14":1,"15":1,"16":1,"17":1,"18":1,"19":1,"20":1,"21":1,"22":1,"23":1,"24":1,"25":1,"26":1,"27":1,"28":1,"29":1,"30":1,"31":1,"32":1,"33":1,"34":1,"35":1,"36":1,"37":1,"38":1,"39":1,"40":1,"41":1,"42":8,"43":8,"44":6,"45":6,"46":2,"47":7,"48":7,"49":7,"50":7,"51":3,"52":3,"53":4,"54":7,"55":7,"56":7,"57":8,"58":8,"59":8,"60":1,"61":1,"62":1,"63":1},"branchMap":{"0":{"type":"branch","line":43,"loc":{"start":{"line":43,"column":0},"end":{"line":60,"column":1}},"locations":[{"start":{"line":43,"column":0},"end":{"line":60,"column":1}}]},"1":{"type":"branch","line":44,"loc":{"start":{"line":44,"column":32},"end":{"line":44,"column":88}},"locations":[{"start":{"line":44,"column":32},"end":{"line":44,"column":88}}]},"2":{"type":"branch","line":44,"loc":{"start":{"line":44,"column":53},"end":{"line":44,"column":88}},"locations":[{"start":{"line":44,"column":53},"end":{"line":44,"column":88}}]},"3":{"type":"branch","line":44,"loc":{"start":{"line":44,"column":90},"end":{"line":46,"column":3}},"locations":[{"start":{"line":44,"column":90},"end":{"line":46,"column":3}}]},"4":{"type":"branch","line":46,"loc":{"start":{"line":46,"column":2},"end":{"line":58,"column":41}},"locations":[{"start":{"line":46,"column":2},"end":{"line":58,"column":41}}]},"5":{"type":"branch","line":58,"loc":{"start":{"line":58,"column":37},"end":{"line":58,"column":44}},"locations":[{"start":{"line":58,"column":37},"end":{"line":58,"column":44}}]},"6":{"type":"branch","line":47,"loc":{"start":{"line":47,"column":19},"end":{"line":57,"column":3}},"locations":[{"start":{"line":47,"column":19},"end":{"line":57,"column":3}}]},"7":{"type":"branch","line":48,"loc":{"start":{"line":48,"column":24},"end":{"line":48,"column":53}},"locations":[{"start":{"line":48,"column":24},"end":{"line":48,"column":53}}]},"8":{"type":"branch","line":48,"loc":{"start":{"line":48,"column":53},"end":{"line":48,"column":63}},"locations":[{"start":{"line":48,"column":53},"end":{"line":48,"column":63}}]},"9":{"type":"branch","line":51,"loc":{"start":{"line":51,"column":24},"end":{"line":53,"column":5}},"locations":[{"start":{"line":51,"column":24},"end":{"line":53,"column":5}}]},"10":{"type":"branch","line":53,"loc":{"start":{"line":53,"column":4},"end":{"line":55,"column":47}},"locations":[{"start":{"line":53,"column":4},"end":{"line":55,"column":47}}]},"11":{"type":"branch","line":55,"loc":{"start":{"line":55,"column":43},"end":{"line":55,"column":52}},"locations":[{"start":{"line":55,"column":43},"end":{"line":55,"column":52}}]}},"b":{"0":[8],"1":[2],"2":[1],"3":[6],"4":[2],"5":[0],"6":[7],"7":[3],"8":[4],"9":[3],"10":[4],"11":[0]},"fnMap":{"0":{"name":"memoize","decl":{"start":{"line":43,"column":0},"end":{"line":60,"column":1}},"loc":{"start":{"line":43,"column":0},"end":{"line":60,"column":1}},"line":43},"1":{"name":"memoized","decl":{"start":{"line":47,"column":19},"end":{"line":57,"column":3}},"loc":{"start":{"line":47,"column":19},"end":{"line":57,"column":3}},"line":47}},"f":{"0":8,"1":7}}
,"/home/ariel/Project/COMP.SE.200-2023-2024-1/src/reduce.js": {"path":"/home/ariel/Project/COMP.SE.200-2023-2024-1/src/reduce.js","all":false,"statementMap":{"0":{"start":{"line":1,"column":0},"end":{"line":1,"column":52}},"1":{"start":{"line":2,"column":0},"end":{"line":2,"column":46}},"2":{"start":{"line":3,"column":0},"end":{"line":3,"column":50}},"3":{"start":{"line":4,"column":0},"end":{"line":4,"column":0}},"4":{"start":{"line":5,"column":0},"end":{"line":5,"column":3}},"5":{"start":{"line":6,"column":0},"end":{"line":6,"column":77}},"6":{"start":{"line":7,"column":0},"end":{"line":7,"column":70}},"7":{"start":{"line":8,"column":0},"end":{"line":8,"column":76}},"8":{"start":{"line":9,"column":0},"end":{"line":9,"column":73}},"9":{"start":{"line":10,"column":0},"end":{"line":10,"column":54}},"10":{"start":{"line":11,"column":0},"end":{"line":11,"column":47}},"11":{"start":{"line":12,"column":0},"end":{"line":12,"column":2}},"12":{"start":{"line":13,"column":0},"end":{"line":13,"column":72}},"13":{"start":{"line":14,"column":0},"end":{"line":14,"column":44}},"14":{"start":{"line":15,"column":0},"end":{"line":15,"column":2}},"15":{"start":{"line":16,"column":0},"end":{"line":16,"column":27}},"16":{"start":{"line":17,"column":0},"end":{"line":17,"column":72}},"17":{"start":{"line":18,"column":0},"end":{"line":18,"column":15}},"18":{"start":{"line":19,"column":0},"end":{"line":19,"column":2}},"19":{"start":{"line":20,"column":0},"end":{"line":20,"column":15}},"20":{"start":{"line":21,"column":0},"end":{"line":21,"column":23}},"21":{"start":{"line":22,"column":0},"end":{"line":22,"column":67}},"22":{"start":{"line":23,"column":0},"end":{"line":23,"column":65}},"23":{"start":{"line":24,"column":0},"end":{"line":24,"column":46}},"24":{"start":{"line":25,"column":0},"end":{"line":25,"column":46}},"25":{"start":{"line":26,"column":0},"end":{"line":26,"column":30}},"26":{"start":{"line":27,"column":0},"end":{"line":27,"column":11}},"27":{"start":{"line":28,"column":0},"end":{"line":28,"column":2}},"28":{"start":{"line":29,"column":0},"end":{"line":29,"column":41}},"29":{"start":{"line":30,"column":0},"end":{"line":30,"column":10}},"30":{"start":{"line":31,"column":0},"end":{"line":31,"column":2}},"31":{"start":{"line":32,"column":0},"end":{"line":32,"column":63}},"32":{"start":{"line":33,"column":0},"end":{"line":33,"column":54}},"33":{"start":{"line":34,"column":0},"end":{"line":34,"column":18}},"34":{"start":{"line":35,"column":0},"end":{"line":35,"column":9}},"35":{"start":{"line":36,"column":0},"end":{"line":36,"column":76}},"36":{"start":{"line":37,"column":0},"end":{"line":37,"column":3}},"37":{"start":{"line":38,"column":0},"end":{"line":38,"column":52}},"38":{"start":{"line":39,"column":0},"end":{"line":39,"column":67}},"39":{"start":{"line":40,"column":0},"end":{"line":40,"column":40}},"40":{"start":{"line":41,"column":0},"end":{"line":41,"column":69}},"41":{"start":{"line":42,"column":0},"end":{"line":42,"column":1}},"42":{"start":{"line":43,"column":0},"end":{"line":43,"column":0}},"43":{"start":{"line":44,"column":0},"end":{"line":44,"column":21}}},"s":{"0":1,"1":1,"2":1,"3":1,"4":1,"5":1,"6":1,"7":1,"8":1,"9":1,"10":1,"11":1,"12":1,"13":1,"14":1,"15":1,"16":1,"17":1,"18":1,"19":1,"20":1,"21":1,"22":1,"23":1,"24":1,"25":1,"26":1,"27":1,"28":1,"29":1,"30":1,"31":1,"32":1,"33":1,"34":1,"35":1,"36":1,"37":7,"38":7,"39":7,"40":7,"41":7,"42":1,"43":1},"branchMap":{"0":{"type":"branch","line":38,"loc":{"start":{"line":38,"column":0},"end":{"line":42,"column":1}},"locations":[{"start":{"line":38,"column":0},"end":{"line":42,"column":1}}]},"1":{"type":"branch","line":39,"loc":{"start":{"line":39,"column":40},"end":{"line":39,"column":54}},"locations":[{"start":{"line":39,"column":40},"end":{"line":39,"column":54}}]},"2":{"type":"branch","line":39,"loc":{"start":{"line":39,"column":54},"end":{"line":39,"column":67}},"locations":[{"start":{"line":39,"column":54},"end":{"line":39,"column":67}}]}},"b":{"0":[7],"1":[4],"2":[3]},"fnMap":{"0":{"name":"reduce","decl":{"start":{"line":38,"column":0},"end":{"line":42,"column":1}},"loc":{"start":{"line":38,"column":0},"end":{"line":42,"column":1}},"line":38}},"f":{"0":7}}
,"/home/ariel/Project/COMP.SE.200-2023-2024-1/src/slice.js": {"path":"/home/ariel/Project/COMP.SE.200-2023-2024-1/src/slice.js","all":false,"statementMap":{"0":{"start":{"line":1,"column":0},"end":{"line":1,"column":3}},"1":{"start":{"line":2,"column":0},"end":{"line":2,"column":75}},"2":{"start":{"line":3,"column":0},"end":{"line":3,"column":2}},"3":{"start":{"line":4,"column":0},"end":{"line":4,"column":43}},"4":{"start":{"line":5,"column":0},"end":{"line":5,"column":73}},"5":{"start":{"line":6,"column":0},"end":{"line":6,"column":12}},"6":{"start":{"line":7,"column":0},"end":{"line":7,"column":2}},"7":{"start":{"line":8,"column":0},"end":{"line":8,"column":15}},"8":{"start":{"line":9,"column":0},"end":{"line":9,"column":18}},"9":{"start":{"line":10,"column":0},"end":{"line":10,"column":43}},"10":{"start":{"line":11,"column":0},"end":{"line":11,"column":108}},"11":{"start":{"line":12,"column":0},"end":{"line":12,"column":115}},"12":{"start":{"line":13,"column":0},"end":{"line":13,"column":49}},"13":{"start":{"line":14,"column":0},"end":{"line":14,"column":11}},"14":{"start":{"line":15,"column":0},"end":{"line":15,"column":2}},"15":{"start":{"line":16,"column":0},"end":{"line":16,"column":27}},"16":{"start":{"line":17,"column":0},"end":{"line":17,"column":2}},"17":{"start":{"line":18,"column":0},"end":{"line":18,"column":20}},"18":{"start":{"line":19,"column":0},"end":{"line":19,"column":15}},"19":{"start":{"line":20,"column":0},"end":{"line":20,"column":3}},"20":{"start":{"line":21,"column":0},"end":{"line":21,"column":35}},"21":{"start":{"line":22,"column":0},"end":{"line":22,"column":47}},"22":{"start":{"line":23,"column":0},"end":{"line":23,"column":16}},"23":{"start":{"line":24,"column":0},"end":{"line":24,"column":13}},"24":{"start":{"line":25,"column":0},"end":{"line":25,"column":3}},"25":{"start":{"line":26,"column":0},"end":{"line":26,"column":35}},"26":{"start":{"line":27,"column":0},"end":{"line":27,"column":40}},"27":{"start":{"line":28,"column":0},"end":{"line":28,"column":0}},"28":{"start":{"line":29,"column":0},"end":{"line":29,"column":18}},"29":{"start":{"line":30,"column":0},"end":{"line":30,"column":50}},"30":{"start":{"line":31,"column":0},"end":{"line":31,"column":3}},"31":{"start":{"line":32,"column":0},"end":{"line":32,"column":16}},"32":{"start":{"line":33,"column":0},"end":{"line":33,"column":17}},"33":{"start":{"line":34,"column":0},"end":{"line":34,"column":3}},"34":{"start":{"line":35,"column":0},"end":{"line":35,"column":50}},"35":{"start":{"line":36,"column":0},"end":{"line":36,"column":14}},"36":{"start":{"line":37,"column":0},"end":{"line":37,"column":0}},"37":{"start":{"line":38,"column":0},"end":{"line":38,"column":16}},"38":{"start":{"line":39,"column":0},"end":{"line":39,"column":34}},"39":{"start":{"line":40,"column":0},"end":{"line":40,"column":28}},"40":{"start":{"line":41,"column":0},"end":{"line":41,"column":40}},"41":{"start":{"line":42,"column":0},"end":{"line":42,"column":3}},"42":{"start":{"line":43,"column":0},"end":{"line":43,"column":15}},"43":{"start":{"line":44,"column":0},"end":{"line":44,"column":1}},"44":{"start":{"line":45,"column":0},"end":{"line":45,"column":0}},"45":{"start":{"line":46,"column":0},"end":{"line":46,"column":20}}},"s":{"0":1,"1":1,"2":1,"3":1,"4":1,"5":1,"6":1,"7":1,"8":1,"9":1,"10":1,"11":1,"12":1,"13":1,"14":1,"15":1,"16":1,"17":1,"18":1,"19":1,"20":6,"21":6,"22":6,"23":2,"24":2,"25":6,"26":6,"27":6,"28":6,"29":3,"30":3,"31":6,"32":1,"33":1,"34":6,"35":6,"36":6,"37":6,"38":6,"39":6,"40":12,"41":12,"42":4,"43":4,"44":1,"45":1},"branchMap":{"0":{"type":"branch","line":21,"loc":{"start":{"line":21,"column":0},"end":{"line":44,"column":1}},"locations":[{"start":{"line":21,"column":0},"end":{"line":44,"column":1}}]},"1":{"type":"branch","line":22,"loc":{"start":{"line":22,"column":28},"end":{"line":22,"column":32}},"locations":[{"start":{"line":22,"column":28},"end":{"line":22,"column":32}}]},"2":{"type":"branch","line":22,"loc":{"start":{"line":22,"column":32},"end":{"line":22,"column":47}},"locations":[{"start":{"line":22,"column":32},"end":{"line":22,"column":47}}]},"3":{"type":"branch","line":23,"loc":{"start":{"line":23,"column":15},"end":{"line":25,"column":3}},"locations":[{"start":{"line":23,"column":15},"end":{"line":25,"column":3}}]},"4":{"type":"branch","line":25,"loc":{"start":{"line":25,"column":2},"end":{"line":26,"column":26}},"locations":[{"start":{"line":25,"column":2},"end":{"line":26,"column":26}}]},"5":{"type":"branch","line":26,"loc":{"start":{"line":26,"column":23},"end":{"line":26,"column":27}},"locations":[{"start":{"line":26,"column":23},"end":{"line":26,"column":27}}]},"6":{"type":"branch","line":26,"loc":{"start":{"line":26,"column":27},"end":{"line":26,"column":35}},"locations":[{"start":{"line":26,"column":27},"end":{"line":26,"column":35}}]},"7":{"type":"branch","line":27,"loc":{"start":{"line":27,"column":25},"end":{"line":27,"column":34}},"locations":[{"start":{"line":27,"column":25},"end":{"line":27,"column":34}}]},"8":{"type":"branch","line":27,"loc":{"start":{"line":27,"column":34},"end":{"line":27,"column":40}},"locations":[{"start":{"line":27,"column":34},"end":{"line":27,"column":40}}]},"9":{"type":"branch","line":29,"loc":{"start":{"line":29,"column":17},"end":{"line":31,"column":3}},"locations":[{"start":{"line":29,"column":17},"end":{"line":31,"column":3}}]},"10":{"type":"branch","line":30,"loc":{"start":{"line":30,"column":27},"end":{"line":30,"column":31}},"locations":[{"start":{"line":30,"column":27},"end":{"line":30,"column":31}}]},"11":{"type":"branch","line":30,"loc":{"start":{"line":30,"column":31},"end":{"line":30,"column":50}},"locations":[{"start":{"line":30,"column":31},"end":{"line":30,"column":50}}]},"12":{"type":"branch","line":31,"loc":{"start":{"line":31,"column":2},"end":{"line":32,"column":15}},"locations":[{"start":{"line":31,"column":2},"end":{"line":32,"column":15}}]},"13":{"type":"branch","line":32,"loc":{"start":{"line":32,"column":15},"end":{"line":34,"column":3}},"locations":[{"start":{"line":32,"column":15},"end":{"line":34,"column":3}}]},"14":{"type":"branch","line":34,"loc":{"start":{"line":34,"column":2},"end":{"line":35,"column":25}},"locations":[{"start":{"line":34,"column":2},"end":{"line":35,"column":25}}]},"15":{"type":"branch","line":35,"loc":{"start":{"line":35,"column":22},"end":{"line":35,"column":26}},"locations":[{"start":{"line":35,"column":22},"end":{"line":35,"column":26}}]},"16":{"type":"branch","line":35,"loc":{"start":{"line":35,"column":26},"end":{"line":35,"column":50}},"locations":[{"start":{"line":35,"column":26},"end":{"line":35,"column":50}}]},"17":{"type":"branch","line":40,"loc":{"start":{"line":40,"column":27},"end":{"line":42,"column":3}},"locations":[{"start":{"line":40,"column":27},"end":{"line":42,"column":3}}]},"18":{"type":"branch","line":42,"loc":{"start":{"line":42,"column":2},"end":{"line":44,"column":1}},"locations":[{"start":{"line":42,"column":2},"end":{"line":44,"column":1}}]}},"b":{"0":[6],"1":[2],"2":[4],"3":[2],"4":[4],"5":[0],"6":[4],"7":[3],"8":[1],"9":[3],"10":[2],"11":[1],"12":[4],"13":[1],"14":[4],"15":[0],"16":[4],"17":[12],"18":[4]},"fnMap":{"0":{"name":"slice","decl":{"start":{"line":21,"column":0},"end":{"line":44,"column":1}},"loc":{"start":{"line":21,"column":0},"end":{"line":44,"column":1}},"line":21}},"f":{"0":6}}
,"/home/ariel/Project/COMP.SE.200-2023-2024-1/src/toString.js": {"path":"/home/ariel/Project/COMP.SE.200-2023-2024-1/src/toString.js","all":false,"statementMap":{"0":{"start":{"line":1,"column":0},"end":{"line":1,"column":36}},"1":{"start":{"line":2,"column":0},"end":{"line":2,"column":0}},"2":{"start":{"line":3,"column":0},"end":{"line":3,"column":57}},"3":{"start":{"line":4,"column":0},"end":{"line":4,"column":22}},"4":{"start":{"line":5,"column":0},"end":{"line":5,"column":0}},"5":{"start":{"line":6,"column":0},"end":{"line":6,"column":3}},"6":{"start":{"line":7,"column":0},"end":{"line":7,"column":71}},"7":{"start":{"line":8,"column":0},"end":{"line":8,"column":57}},"8":{"start":{"line":9,"column":0},"end":{"line":9,"column":2}},"9":{"start":{"line":10,"column":0},"end":{"line":10,"column":15}},"10":{"start":{"line":11,"column":0},"end":{"line":11,"column":17}},"11":{"start":{"line":12,"column":0},"end":{"line":12,"column":41}},"12":{"start":{"line":13,"column":0},"end":{"line":13,"column":50}},"13":{"start":{"line":14,"column":0},"end":{"line":14,"column":11}},"14":{"start":{"line":15,"column":0},"end":{"line":15,"column":2}},"15":{"start":{"line":16,"column":0},"end":{"line":16,"column":17}},"16":{"start":{"line":17,"column":0},"end":{"line":17,"column":11}},"17":{"start":{"line":18,"column":0},"end":{"line":18,"column":2}},"18":{"start":{"line":19,"column":0},"end":{"line":19,"column":15}},"19":{"start":{"line":20,"column":0},"end":{"line":20,"column":13}},"20":{"start":{"line":21,"column":0},"end":{"line":21,"column":2}},"21":{"start":{"line":22,"column":0},"end":{"line":22,"column":22}},"22":{"start":{"line":23,"column":0},"end":{"line":23,"column":16}},"23":{"start":{"line":24,"column":0},"end":{"line":24,"column":3}},"24":{"start":{"line":25,"column":0},"end":{"line":25,"column":26}},"25":{"start":{"line":26,"column":0},"end":{"line":26,"column":2}},"26":{"start":{"line":27,"column":0},"end":{"line":27,"column":76}},"27":{"start":{"line":28,"column":0},"end":{"line":28,"column":34}},"28":{"start":{"line":29,"column":0},"end":{"line":29,"column":16}},"29":{"start":{"line":30,"column":0},"end":{"line":30,"column":3}},"30":{"start":{"line":31,"column":0},"end":{"line":31,"column":29}},"31":{"start":{"line":32,"column":0},"end":{"line":32,"column":69}},"32":{"start":{"line":33,"column":0},"end":{"line":33,"column":77}},"33":{"start":{"line":34,"column":0},"end":{"line":34,"column":3}},"34":{"start":{"line":35,"column":0},"end":{"line":35,"column":24}},"35":{"start":{"line":36,"column":0},"end":{"line":36,"column":27}},"36":{"start":{"line":37,"column":0},"end":{"line":37,"column":3}},"37":{"start":{"line":38,"column":0},"end":{"line":38,"column":27}},"38":{"start":{"line":39,"column":0},"end":{"line":39,"column":68}},"39":{"start":{"line":40,"column":0},"end":{"line":40,"column":1}},"40":{"start":{"line":41,"column":0},"end":{"line":41,"column":0}},"41":{"start":{"line":42,"column":0},"end":{"line":42,"column":23}}},"s":{"0":1,"1":1,"2":1,"3":1,"4":1,"5":1,"6":1,"7":1,"8":1,"9":1,"10":1,"11":1,"12":1,"13":1,"14":1,"15":1,"16":1,"17":1,"18":1,"19":1,"20":1,"21":1,"22":1,"23":1,"24":17,"25":17,"26":17,"27":17,"28":1,"29":1,"30":17,"31":4,"32":4,"33":4,"34":17,"35":1,"36":1,"37":11,"38":17,"39":17,"40":1,"41":1},"branchMap":{"0":{"type":"branch","line":25,"loc":{"start":{"line":25,"column":0},"end":{"line":40,"column":1}},"locations":[{"start":{"line":25,"column":0},"end":{"line":40,"column":1}}]},"1":{"type":"branch","line":28,"loc":{"start":{"line":28,"column":33},"end":{"line":30,"column":3}},"locations":[{"start":{"line":28,"column":33},"end":{"line":30,"column":3}}]},"2":{"type":"branch","line":30,"loc":{"start":{"line":30,"column":2},"end":{"line":31,"column":28}},"locations":[{"start":{"line":30,"column":2},"end":{"line":31,"column":28}}]},"3":{"type":"branch","line":31,"loc":{"start":{"line":31,"column":28},"end":{"line":34,"column":3}},"locations":[{"start":{"line":31,"column":28},"end":{"line":34,"column":3}}]},"4":{"type":"branch","line":34,"loc":{"start":{"line":34,"column":2},"end":{"line":35,"column":23}},"locations":[{"start":{"line":34,"column":2},"end":{"line":35,"column":23}}]},"5":{"type":"branch","line":35,"loc":{"start":{"line":35,"column":23},"end":{"line":37,"column":3}},"locations":[{"start":{"line":35,"column":23},"end":{"line":37,"column":3}}]},"6":{"type":"branch","line":37,"loc":{"start":{"line":37,"column":2},"end":{"line":39,"column":28}},"locations":[{"start":{"line":37,"column":2},"end":{"line":39,"column":28}}]},"7":{"type":"branch","line":39,"loc":{"start":{"line":39,"column":23},"end":{"line":39,"column":51}},"locations":[{"start":{"line":39,"column":23},"end":{"line":39,"column":51}}]},"8":{"type":"branch","line":39,"loc":{"start":{"line":39,"column":51},"end":{"line":39,"column":59}},"locations":[{"start":{"line":39,"column":51},"end":{"line":39,"column":59}}]},"9":{"type":"branch","line":39,"loc":{"start":{"line":39,"column":59},"end":{"line":39,"column":68}},"locations":[{"start":{"line":39,"column":59},"end":{"line":39,"column":68}}]},"10":{"type":"branch","line":33,"loc":{"start":{"line":33,"column":25},"end":{"line":33,"column":74}},"locations":[{"start":{"line":33,"column":25},"end":{"line":33,"column":74}}]},"11":{"type":"branch","line":33,"loc":{"start":{"line":33,"column":48},"end":{"line":33,"column":56}},"locations":[{"start":{"line":33,"column":48},"end":{"line":33,"column":56}}]}},"b":{"0":[17],"1":[1],"2":[16],"3":[4],"4":[12],"5":[1],"6":[11],"7":[1],"8":[1],"9":[10],"10":[8],"11":[0]},"fnMap":{"0":{"name":"toString","decl":{"start":{"line":25,"column":0},"end":{"line":40,"column":1}},"loc":{"start":{"line":25,"column":0},"end":{"line":40,"column":1}},"line":25}},"f":{"0":17}}
,"/home/ariel/Project/COMP.SE.200-2023-2024-1/src/words.js": {"path":"/home/ariel/Project/COMP.SE.200-2023-2024-1/src/words.js","all":false,"statementMap":{"0":{"start":{"line":1,"column":0},"end":{"line":1,"column":54}},"1":{"start":{"line":2,"column":0},"end":{"line":2,"column":0}},"2":{"start":{"line":3,"column":0},"end":{"line":3,"column":50}},"3":{"start":{"line":4,"column":0},"end":{"line":4,"column":70}},"4":{"start":{"line":5,"column":0},"end":{"line":5,"column":1}},"5":{"start":{"line":6,"column":0},"end":{"line":6,"column":0}},"6":{"start":{"line":7,"column":0},"end":{"line":7,"column":63}},"7":{"start":{"line":8,"column":0},"end":{"line":8,"column":63}},"8":{"start":{"line":9,"column":0},"end":{"line":9,"column":0}},"9":{"start":{"line":10,"column":0},"end":{"line":10,"column":29}},"10":{"start":{"line":11,"column":0},"end":{"line":11,"column":34}},"11":{"start":{"line":12,"column":0},"end":{"line":12,"column":1}},"12":{"start":{"line":13,"column":0},"end":{"line":13,"column":0}},"13":{"start":{"line":14,"column":0},"end":{"line":14,"column":3}},"14":{"start":{"line":15,"column":0},"end":{"line":15,"column":46}},"15":{"start":{"line":16,"column":0},"end":{"line":16,"column":2}},"16":{"start":{"line":17,"column":0},"end":{"line":17,"column":15}},"17":{"start":{"line":18,"column":0},"end":{"line":18,"column":19}},"18":{"start":{"line":19,"column":0},"end":{"line":19,"column":53}},"19":{"start":{"line":20,"column":0},"end":{"line":20,"column":63}},"20":{"start":{"line":21,"column":0},"end":{"line":21,"column":50}},"21":{"start":{"line":22,"column":0},"end":{"line":22,"column":11}},"22":{"start":{"line":23,"column":0},"end":{"line":23,"column":2}},"23":{"start":{"line":24,"column":0},"end":{"line":24,"column":35}},"24":{"start":{"line":25,"column":0},"end":{"line":25,"column":38}},"25":{"start":{"line":26,"column":0},"end":{"line":26,"column":2}},"26":{"start":{"line":27,"column":0},"end":{"line":27,"column":46}},"27":{"start":{"line":28,"column":0},"end":{"line":28,"column":43}},"28":{"start":{"line":29,"column":0},"end":{"line":29,"column":3}},"29":{"start":{"line":30,"column":0},"end":{"line":30,"column":33}},"30":{"start":{"line":31,"column":0},"end":{"line":31,"column":30}},"31":{"start":{"line":32,"column":0},"end":{"line":32,"column":85}},"32":{"start":{"line":33,"column":0},"end":{"line":33,"column":23}},"33":{"start":{"line":34,"column":0},"end":{"line":34,"column":3}},"34":{"start":{"line":35,"column":0},"end":{"line":35,"column":36}},"35":{"start":{"line":36,"column":0},"end":{"line":36,"column":1}},"36":{"start":{"line":37,"column":0},"end":{"line":37,"column":0}},"37":{"start":{"line":38,"column":0},"end":{"line":38,"column":20}}},"s":{"0":1,"1":1,"2":1,"3":1,"4":1,"5":1,"6":1,"7":1,"8":1,"9":2,"10":2,"11":2,"12":1,"13":1,"14":1,"15":1,"16":1,"17":1,"18":1,"19":1,"20":1,"21":1,"22":1,"23":1,"24":1,"25":1,"26":1,"27":1,"28":1,"29":8,"30":8,"31":3,"32":3,"33":3,"34":8,"35":8,"36":1,"37":1},"branchMap":{"0":{"type":"branch","line":10,"loc":{"start":{"line":10,"column":0},"end":{"line":12,"column":1}},"locations":[{"start":{"line":10,"column":0},"end":{"line":12,"column":1}}]},"1":{"type":"branch","line":30,"loc":{"start":{"line":30,"column":0},"end":{"line":36,"column":1}},"locations":[{"start":{"line":30,"column":0},"end":{"line":36,"column":1}}]},"2":{"type":"branch","line":31,"loc":{"start":{"line":31,"column":29},"end":{"line":34,"column":3}},"locations":[{"start":{"line":31,"column":29},"end":{"line":34,"column":3}}]},"3":{"type":"branch","line":32,"loc":{"start":{"line":32,"column":41},"end":{"line":32,"column":64}},"locations":[{"start":{"line":32,"column":41},"end":{"line":32,"column":64}}]},"4":{"type":"branch","line":32,"loc":{"start":{"line":32,"column":64},"end":{"line":32,"column":85}},"locations":[{"start":{"line":32,"column":64},"end":{"line":32,"column":85}}]},"5":{"type":"branch","line":33,"loc":{"start":{"line":33,"column":17},"end":{"line":33,"column":23}},"locations":[{"start":{"line":33,"column":17},"end":{"line":33,"column":23}}]},"6":{"type":"branch","line":34,"loc":{"start":{"line":34,"column":2},"end":{"line":35,"column":34}},"locations":[{"start":{"line":34,"column":2},"end":{"line":35,"column":34}}]},"7":{"type":"branch","line":35,"loc":{"start":{"line":35,"column":30},"end":{"line":35,"column":36}},"locations":[{"start":{"line":35,"column":30},"end":{"line":35,"column":36}}]}},"b":{"0":[2],"1":[8],"2":[3],"3":[1],"4":[2],"5":[0],"6":[5],"7":[3]},"fnMap":{"0":{"name":"asciiWords","decl":{"start":{"line":10,"column":0},"end":{"line":12,"column":1}},"loc":{"start":{"line":10,"column":0},"end":{"line":12,"column":1}},"line":10},"1":{"name":"words","decl":{"start":{"line":30,"column":0},"end":{"line":36,"column":1}},"loc":{"start":{"line":30,"column":0},"end":{"line":36,"column":1}},"line":30}},"f":{"0":2,"1":8}}
}
