TN:
SF:src/add.js
FNF:0
FNH:0
DA:1,1
DA:2,1
DA:3,1
DA:4,1
DA:5,1
DA:6,1
DA:7,1
DA:8,1
DA:9,1
DA:10,1
DA:11,1
DA:12,1
DA:13,1
DA:14,1
DA:15,1
DA:16,1
DA:17,1
LF:17
LH:17
BRDA:16,0,0,8
BRF:1
BRH:1
end_of_record
TN:
SF:src/castArray.js
FN:33,castArray
FNF:1
FNH:1
FNDA:6,castArray
DA:1,1
DA:2,1
DA:3,1
DA:4,1
DA:5,1
DA:6,1
DA:7,1
DA:8,1
DA:9,1
DA:10,1
DA:11,1
DA:12,1
DA:13,1
DA:14,1
DA:15,1
DA:16,1
DA:17,1
DA:18,1
DA:19,1
DA:20,1
DA:21,1
DA:22,1
DA:23,1
DA:24,1
DA:25,1
DA:26,1
DA:27,1
DA:28,1
DA:29,1
DA:30,1
DA:31,1
DA:32,1
DA:33,6
DA:34,6
DA:35,6
DA:36,6
DA:37,1
DA:38,1
LF:38
LH:38
BRDA:33,0,0,6
BRDA:35,1,0,1
BRDA:35,2,0,5
BRF:3
BRH:3
end_of_record
TN:
SF:src/countBy.js
FN:29,countBy
FNF:1
FNH:1
FNDA:3,countBy
DA:1,1
DA:2,1
DA:3,1
DA:4,1
DA:5,1
DA:6,1
DA:7,1
DA:8,1
DA:9,1
DA:10,1
DA:11,1
DA:12,1
DA:13,1
DA:14,1
DA:15,1
DA:16,1
DA:17,1
DA:18,1
DA:19,1
DA:20,1
DA:21,1
DA:22,1
DA:23,1
DA:24,1
DA:25,1
DA:26,1
DA:27,1
DA:28,1
DA:29,3
DA:30,3
DA:31,0
DA:32,0
DA:33,0
DA:34,0
DA:35,0
DA:36,0
DA:37,0
DA:38,3
DA:39,3
DA:40,1
DA:41,1
LF:41
LH:34
BRDA:29,0,0,3
BRF:1
BRH:1
end_of_record
TN:
SF:src/defaultTo.js
FN:19,defaultTo
FNF:1
FNH:1
FNDA:6,defaultTo
DA:1,1
DA:2,1
DA:3,1
DA:4,1
DA:5,1
DA:6,1
DA:7,1
DA:8,1
DA:9,1
DA:10,1
DA:11,1
DA:12,1
DA:13,1
DA:14,1
DA:15,1
DA:16,1
DA:17,1
DA:18,1
DA:19,6
DA:20,6
DA:21,6
DA:22,1
DA:23,1
LF:23
LH:23
BRDA:19,0,0,6
BRDA:20,1,0,2
BRDA:20,2,0,4
BRF:3
BRH:3
end_of_record
TN:
SF:src/every.js
FN:22,every
FNF:1
FNH:1
FNDA:7,every
DA:1,1
DA:2,1
DA:3,1
DA:4,1
DA:5,1
DA:6,1
DA:7,1
DA:8,1
DA:9,1
DA:10,1
DA:11,1
DA:12,1
DA:13,1
DA:14,1
DA:15,1
DA:16,1
DA:17,1
DA:18,1
DA:19,1
DA:20,1
DA:21,1
DA:22,7
DA:23,7
DA:24,7
DA:25,7
DA:26,7
DA:27,10
DA:28,2
DA:29,2
DA:30,10
DA:31,4
DA:32,4
DA:33,1
DA:34,1
LF:34
LH:34
BRDA:22,0,0,7
BRDA:24,1,0,1
BRDA:24,2,0,6
BRDA:26,3,0,10
BRDA:27,4,0,2
BRDA:30,5,0,4
BRF:6
BRH:6
end_of_record
TN:
SF:src/filter.js
FN:24,filter
FNF:1
FNH:1
FNDA:5,filter
DA:1,1
DA:2,1
DA:3,1
DA:4,1
DA:5,1
DA:6,1
DA:7,1
DA:8,1
DA:9,1
DA:10,1
DA:11,1
DA:12,1
DA:13,1
DA:14,1
DA:15,1
DA:16,1
DA:17,1
DA:18,1
DA:19,1
DA:20,1
DA:21,1
DA:22,1
DA:23,1
DA:24,5
DA:25,5
DA:26,5
DA:27,5
DA:28,5
DA:29,5
DA:30,5
DA:31,4
DA:32,4
DA:33,2
DA:34,2
DA:35,4
DA:36,5
DA:37,5
DA:38,1
DA:39,1
LF:39
LH:39
BRDA:24,0,0,5
BRDA:27,1,0,2
BRDA:27,2,0,3
BRDA:30,3,0,4
BRDA:32,4,0,2
BRF:5
BRH:5
end_of_record
TN:
SF:src/isArguments.js
FN:19,isArguments
FNF:1
FNH:1
FNDA:1,isArguments
DA:1,1
DA:2,1
DA:3,1
DA:4,1
DA:5,1
DA:6,1
DA:7,1
DA:8,1
DA:9,1
DA:10,1
DA:11,1
DA:12,1
DA:13,1
DA:14,1
DA:15,1
DA:16,1
DA:17,1
DA:18,1
DA:19,1
DA:20,1
DA:21,1
DA:22,1
DA:23,1
LF:23
LH:23
BRDA:19,0,0,1
BRDA:20,1,0,0
BRF:2
BRH:1
end_of_record
TN:
SF:src/isArrayLike.js
FN:26,isArrayLike
FNF:1
FNH:1
FNDA:10,isArrayLike
DA:1,1
DA:2,1
DA:3,1
DA:4,1
DA:5,1
DA:6,1
DA:7,1
DA:8,1
DA:9,1
DA:10,1
DA:11,1
DA:12,1
DA:13,1
DA:14,1
DA:15,1
DA:16,1
DA:17,1
DA:18,1
DA:19,1
DA:20,1
DA:21,1
DA:22,1
DA:23,1
DA:24,1
DA:25,1
DA:26,10
DA:27,10
DA:28,10
DA:29,1
DA:30,1
LF:30
LH:30
BRDA:26,0,0,10
BRDA:27,1,0,8
BRDA:27,2,0,8
BRF:3
BRH:3
end_of_record
TN:
SF:src/isBoolean.js
FN:19,isBoolean
FNF:1
FNH:1
FNDA:5,isBoolean
DA:1,1
DA:2,1
DA:3,1
DA:4,1
DA:5,1
DA:6,1
DA:7,1
DA:8,1
DA:9,1
DA:10,1
DA:11,1
DA:12,1
DA:13,1
DA:14,1
DA:15,1
DA:16,1
DA:17,1
DA:18,1
DA:19,5
DA:20,5
DA:21,4
DA:22,5
DA:23,1
DA:24,1
LF:24
LH:24
BRDA:19,0,0,5
BRDA:20,1,0,4
BRDA:20,2,0,4
BRDA:21,3,0,1
BRF:4
BRH:4
end_of_record
TN:
SF:src/isBuffer.js
FN:33,Object.<anonymous>.isBuffer
FNF:1
FNH:0
FNDA:0,Object.<anonymous>.isBuffer
DA:1,1
DA:2,1
DA:3,1
DA:4,1
DA:5,1
DA:6,1
DA:7,1
DA:8,1
DA:9,1
DA:10,1
DA:11,1
DA:12,1
DA:13,1
DA:14,1
DA:15,1
DA:16,1
DA:17,1
DA:18,1
DA:19,1
DA:20,1
DA:21,1
DA:22,1
DA:23,1
DA:24,1
DA:25,1
DA:26,1
DA:27,1
DA:28,1
DA:29,1
DA:30,1
DA:31,1
DA:32,1
DA:33,1
DA:34,1
DA:35,1
LF:35
LH:35
BRDA:13,0,0,0
BRDA:16,1,0,0
BRDA:33,2,0,0
BRF:3
BRH:0
end_of_record
TN:
SF:src/isDate.js
FN:25,Object.<anonymous>.isDate
FNF:1
FNH:0
FNDA:0,Object.<anonymous>.isDate
DA:1,1
DA:2,1
DA:3,1
DA:4,1
DA:5,1
DA:6,1
DA:7,1
DA:8,1
DA:9,1
DA:10,1
DA:11,1
DA:12,1
DA:13,1
DA:14,1
DA:15,1
DA:16,1
DA:17,1
DA:18,1
DA:19,1
DA:20,1
DA:21,1
DA:22,1
DA:23,1
DA:24,1
DA:25,0
DA:26,1
DA:27,1
LF:27
LH:26
BRDA:25,0,0,0
BRDA:24,1,0,2
BRF:2
BRH:1
end_of_record
TN:
SF:src/isLength.js
FN:28,isLength
FNF:1
FNH:1
FNDA:8,isLength
DA:1,1
DA:2,1
DA:3,1
DA:4,1
DA:5,1
DA:6,1
DA:7,1
DA:8,1
DA:9,1
DA:10,1
DA:11,1
DA:12,1
DA:13,1
DA:14,1
DA:15,1
DA:16,1
DA:17,1
DA:18,1
DA:19,1
DA:20,1
DA:21,1
DA:22,1
DA:23,1
DA:24,1
DA:25,1
DA:26,1
DA:27,1
DA:28,8
DA:29,8
DA:30,8
DA:31,8
DA:32,1
DA:33,1
LF:33
LH:33
BRDA:28,0,0,8
BRDA:29,1,0,1
BRDA:30,2,0,1
BRDA:30,3,0,1
BRF:4
BRH:4
end_of_record
TN:
SF:src/isObjectLike.js
FN:23,isObjectLike
FNF:1
FNH:1
FNDA:5,isObjectLike
DA:1,1
DA:2,1
DA:3,1
DA:4,1
DA:5,1
DA:6,1
DA:7,1
DA:8,1
DA:9,1
DA:10,1
DA:11,1
DA:12,1
DA:13,1
DA:14,1
DA:15,1
DA:16,1
DA:17,1
DA:18,1
DA:19,1
DA:20,1
DA:21,1
DA:22,1
DA:23,5
DA:24,5
DA:25,5
DA:26,1
DA:27,1
LF:27
LH:27
BRDA:23,0,0,5
BRDA:24,1,0,2
BRF:2
BRH:2
end_of_record
TN:
SF:src/isSymbol.js
FN:18,isSymbol
FNF:1
FNH:1
FNDA:21,isSymbol
DA:1,1
DA:2,1
DA:3,1
DA:4,1
DA:5,1
DA:6,1
DA:7,1
DA:8,1
DA:9,1
DA:10,1
DA:11,1
DA:12,1
DA:13,1
DA:14,1
DA:15,1
DA:16,1
DA:17,1
DA:18,21
DA:19,21
DA:20,21
DA:21,21
DA:22,1
DA:23,1
LF:23
LH:23
BRDA:18,0,0,21
BRDA:20,1,0,19
BRDA:20,2,0,4
BRDA:20,3,0,2
BRF:4
BRH:4
end_of_record
TN:
SF:src/isTypedArray.js
FN:28,Object.<anonymous>.isTypedArray
FNF:1
FNH:0
FNDA:0,Object.<anonymous>.isTypedArray
DA:1,1
DA:2,1
DA:3,1
DA:4,1
DA:5,1
DA:6,1
DA:7,1
DA:8,1
DA:9,1
DA:10,1
DA:11,1
DA:12,1
DA:13,1
DA:14,1
DA:15,1
DA:16,1
DA:17,1
DA:18,1
DA:19,1
DA:20,1
DA:21,1
DA:22,1
DA:23,1
DA:24,1
DA:25,1
DA:26,1
DA:27,1
DA:28,0
DA:29,1
DA:30,1
LF:30
LH:29
BRDA:28,0,0,0
BRDA:27,1,0,1
BRF:2
BRH:1
end_of_record
TN:
SF:src/keys.js
FN:31,keys
FNF:1
FNH:1
FNDA:9,keys
DA:1,1
DA:2,1
DA:3,1
DA:4,1
DA:5,1
DA:6,1
DA:7,1
DA:8,1
DA:9,1
DA:10,1
DA:11,1
DA:12,1
DA:13,1
DA:14,1
DA:15,1
DA:16,1
DA:17,1
DA:18,1
DA:19,1
DA:20,1
DA:21,1
DA:22,1
DA:23,1
DA:24,1
DA:25,1
DA:26,1
DA:27,1
DA:28,1
DA:29,1
DA:30,1
DA:31,9
DA:32,9
DA:33,1
DA:34,8
DA:35,9
DA:36,1
DA:37,1
LF:37
LH:37
BRDA:31,0,0,9
BRDA:33,1,0,1
BRDA:34,2,0,8
BRF:3
BRH:3
end_of_record
TN:
SF:src/map.js
FN:19,map
FNF:1
FNH:1
FNDA:5,map
DA:1,1
DA:2,1
DA:3,1
DA:4,1
DA:5,1
DA:6,1
DA:7,1
DA:8,1
DA:9,1
DA:10,1
DA:11,1
DA:12,1
DA:13,1
DA:14,1
DA:15,1
DA:16,1
DA:17,1
DA:18,1
DA:19,5
DA:20,5
DA:21,5
DA:22,5
DA:23,5
DA:24,5
DA:25,5
DA:26,5
DA:27,5
DA:28,5
DA:29,1
DA:30,1
LF:30
LH:30
BRDA:19,0,0,5
BRDA:21,1,0,2
BRDA:21,2,0,3
BRF:3
BRH:3
end_of_record
TN:
SF:src/memoize.js
FN:43,memoize
FN:47,memoized
FNF:2
FNH:2
FNDA:8,memoize
FNDA:7,memoized
DA:1,1
DA:2,1
DA:3,1
DA:4,1
DA:5,1
DA:6,1
DA:7,1
DA:8,1
DA:9,1
DA:10,1
DA:11,1
DA:12,1
DA:13,1
DA:14,1
DA:15,1
DA:16,1
DA:17,1
DA:18,1
DA:19,1
DA:20,1
DA:21,1
DA:22,1
DA:23,1
DA:24,1
DA:25,1
DA:26,1
DA:27,1
DA:28,1
DA:29,1
DA:30,1
DA:31,1
DA:32,1
DA:33,1
DA:34,1
DA:35,1
DA:36,1
DA:37,1
DA:38,1
DA:39,1
DA:40,1
DA:41,1
DA:42,1
DA:43,8
DA:44,8
DA:45,6
DA:46,6
DA:47,2
DA:48,7
DA:49,7
DA:50,7
DA:51,7
DA:52,3
DA:53,3
DA:54,4
DA:55,7
DA:56,7
DA:57,7
DA:58,8
DA:59,8
DA:60,8
DA:61,1
DA:62,1
DA:63,1
DA:64,1
LF:64
LH:64
BRDA:43,0,0,8
BRDA:44,1,0,2
BRDA:44,2,0,1
BRDA:44,3,0,6
BRDA:46,4,0,2
BRDA:58,5,0,0
BRDA:47,6,0,7
BRDA:48,7,0,3
BRDA:48,8,0,4
BRDA:51,9,0,3
BRDA:53,10,0,4
BRDA:55,11,0,0
BRF:12
BRH:10
end_of_record
TN:
SF:src/reduce.js
FN:38,reduce
FNF:1
FNH:1
FNDA:7,reduce
DA:1,1
DA:2,1
DA:3,1
DA:4,1
DA:5,1
DA:6,1
DA:7,1
DA:8,1
DA:9,1
DA:10,1
DA:11,1
DA:12,1
DA:13,1
DA:14,1
DA:15,1
DA:16,1
DA:17,1
DA:18,1
DA:19,1
DA:20,1
DA:21,1
DA:22,1
DA:23,1
DA:24,1
DA:25,1
DA:26,1
DA:27,1
DA:28,1
DA:29,1
DA:30,1
DA:31,1
DA:32,1
DA:33,1
DA:34,1
DA:35,1
DA:36,1
DA:37,1
DA:38,7
DA:39,7
DA:40,7
DA:41,7
DA:42,7
DA:43,1
DA:44,1
LF:44
LH:44
BRDA:38,0,0,7
BRDA:39,1,0,4
BRDA:39,2,0,3
BRF:3
BRH:3
end_of_record
TN:
SF:src/slice.js
FN:21,slice
FNF:1
FNH:1
FNDA:6,slice
DA:1,1
DA:2,1
DA:3,1
DA:4,1
DA:5,1
DA:6,1
DA:7,1
DA:8,1
DA:9,1
DA:10,1
DA:11,1
DA:12,1
DA:13,1
DA:14,1
DA:15,1
DA:16,1
DA:17,1
DA:18,1
DA:19,1
DA:20,1
DA:21,6
DA:22,6
DA:23,6
DA:24,2
DA:25,2
DA:26,6
DA:27,6
DA:28,6
DA:29,6
DA:30,3
DA:31,3
DA:32,6
DA:33,1
DA:34,1
DA:35,6
DA:36,6
DA:37,6
DA:38,6
DA:39,6
DA:40,6
DA:41,12
DA:42,12
DA:43,4
DA:44,4
DA:45,1
DA:46,1
LF:46
LH:46
BRDA:21,0,0,6
BRDA:22,1,0,2
BRDA:22,2,0,4
BRDA:23,3,0,2
BRDA:25,4,0,4
BRDA:26,5,0,0
BRDA:26,6,0,4
BRDA:27,7,0,3
BRDA:27,8,0,1
BRDA:29,9,0,3
BRDA:30,10,0,2
BRDA:30,11,0,1
BRDA:31,12,0,4
BRDA:32,13,0,1
BRDA:34,14,0,4
BRDA:35,15,0,0
BRDA:35,16,0,4
BRDA:40,17,0,12
BRDA:42,18,0,4
BRF:19
BRH:17
end_of_record
TN:
SF:src/toString.js
FN:25,toString
FNF:1
FNH:1
FNDA:18,toString
DA:1,1
DA:2,1
DA:3,1
DA:4,1
DA:5,1
DA:6,1
DA:7,1
DA:8,1
DA:9,1
DA:10,1
DA:11,1
DA:12,1
DA:13,1
DA:14,1
DA:15,1
DA:16,1
DA:17,1
DA:18,1
DA:19,1
DA:20,1
DA:21,1
DA:22,1
DA:23,1
DA:24,1
DA:25,18
DA:26,18
DA:27,18
DA:28,18
DA:29,1
DA:30,1
DA:31,18
DA:32,4
DA:33,4
DA:34,4
DA:35,18
DA:36,1
DA:37,1
DA:38,12
DA:39,18
DA:40,18
DA:41,1
DA:42,1
LF:42
LH:42
BRDA:25,0,0,18
BRDA:28,1,0,1
BRDA:30,2,0,17
BRDA:31,3,0,4
BRDA:34,4,0,13
BRDA:35,5,0,1
BRDA:37,6,0,12
BRDA:39,7,0,0
BRDA:39,8,0,0
BRDA:39,9,0,12
BRDA:33,10,0,8
BRDA:33,11,0,0
BRF:12
BRH:9
end_of_record
TN:
SF:src/words.js
FN:10,asciiWords
FN:30,words
FNF:2
FNH:2
FNDA:2,asciiWords
FNDA:8,words
DA:1,1
DA:2,1
DA:3,1
DA:4,1
DA:5,1
DA:6,1
DA:7,1
DA:8,1
DA:9,1
DA:10,2
DA:11,2
DA:12,2
DA:13,1
DA:14,1
DA:15,1
DA:16,1
DA:17,1
DA:18,1
DA:19,1
DA:20,1
DA:21,1
DA:22,1
DA:23,1
DA:24,1
DA:25,1
DA:26,1
DA:27,1
DA:28,1
DA:29,1
DA:30,8
DA:31,8
DA:32,3
DA:33,3
DA:34,3
DA:35,8
DA:36,8
DA:37,1
DA:38,1
LF:38
LH:38
BRDA:10,0,0,2
BRDA:30,1,0,8
BRDA:31,2,0,3
BRDA:32,3,0,1
BRDA:32,4,0,2
BRDA:33,5,0,0
BRDA:34,6,0,5
BRDA:35,7,0,3
BRF:8
BRH:7
end_of_record
