TN:
SF:src/add.js
FNF:0
FNH:0
DA:1,1
DA:2,1
DA:3,1
DA:4,1
DA:5,1
DA:6,1
DA:7,1
DA:8,1
DA:9,1
DA:10,1
DA:11,1
DA:12,1
DA:13,1
DA:14,1
DA:15,1
DA:16,1
DA:17,1
LF:17
LH:17
BRDA:16,0,0,8
BRF:1
BRH:1
end_of_record
TN:
SF:src/defaultTo.js
FN:19,defaultTo
FNF:1
FNH:1
FNDA:6,defaultTo
DA:1,1
DA:2,1
DA:3,1
DA:4,1
DA:5,1
DA:6,1
DA:7,1
DA:8,1
DA:9,1
DA:10,1
DA:11,1
DA:12,1
DA:13,1
DA:14,1
DA:15,1
DA:16,1
DA:17,1
DA:18,1
DA:19,6
DA:20,6
DA:21,6
DA:22,1
DA:23,1
LF:23
LH:23
BRDA:19,0,0,6
BRDA:20,1,0,2
BRDA:20,2,0,4
BRF:3
BRH:3
end_of_record
TN:
SF:src/isSymbol.js
FN:18,isSymbol
FNF:1
FNH:1
FNDA:21,isSymbol
DA:1,1
DA:2,1
DA:3,1
DA:4,1
DA:5,1
DA:6,1
DA:7,1
DA:8,1
DA:9,1
DA:10,1
DA:11,1
DA:12,1
DA:13,1
DA:14,1
DA:15,1
DA:16,1
DA:17,1
DA:18,21
DA:19,21
DA:20,21
DA:21,21
DA:22,1
DA:23,1
LF:23
LH:23
BRDA:18,0,0,21
BRDA:20,1,0,19
BRDA:20,2,0,4
BRDA:20,3,0,2
BRF:4
BRH:4
end_of_record
TN:
SF:src/memoize.js
FN:43,memoize
FN:47,memoized
FNF:2
FNH:2
FNDA:8,memoize
FNDA:7,memoized
DA:1,1
DA:2,1
DA:3,1
DA:4,1
DA:5,1
DA:6,1
DA:7,1
DA:8,1
DA:9,1
DA:10,1
DA:11,1
DA:12,1
DA:13,1
DA:14,1
DA:15,1
DA:16,1
DA:17,1
DA:18,1
DA:19,1
DA:20,1
DA:21,1
DA:22,1
DA:23,1
DA:24,1
DA:25,1
DA:26,1
DA:27,1
DA:28,1
DA:29,1
DA:30,1
DA:31,1
DA:32,1
DA:33,1
DA:34,1
DA:35,1
DA:36,1
DA:37,1
DA:38,1
DA:39,1
DA:40,1
DA:41,1
DA:42,1
DA:43,8
DA:44,8
DA:45,6
DA:46,6
DA:47,2
DA:48,7
DA:49,7
DA:50,7
DA:51,7
DA:52,3
DA:53,3
DA:54,4
DA:55,7
DA:56,7
DA:57,7
DA:58,8
DA:59,8
DA:60,8
DA:61,1
DA:62,1
DA:63,1
DA:64,1
LF:64
LH:64
BRDA:43,0,0,8
BRDA:44,1,0,2
BRDA:44,2,0,1
BRDA:44,3,0,6
BRDA:46,4,0,2
BRDA:58,5,0,0
BRDA:47,6,0,7
BRDA:48,7,0,3
BRDA:48,8,0,4
BRDA:51,9,0,3
BRDA:53,10,0,4
BRDA:55,11,0,0
BRF:12
BRH:10
end_of_record
TN:
SF:src/toString.js
FN:25,toString
FNF:1
FNH:1
FNDA:18,toString
DA:1,1
DA:2,1
DA:3,1
DA:4,1
DA:5,1
DA:6,1
DA:7,1
DA:8,1
DA:9,1
DA:10,1
DA:11,1
DA:12,1
DA:13,1
DA:14,1
DA:15,1
DA:16,1
DA:17,1
DA:18,1
DA:19,1
DA:20,1
DA:21,1
DA:22,1
DA:23,1
DA:24,1
DA:25,18
DA:26,18
DA:27,18
DA:28,18
DA:29,1
DA:30,1
DA:31,18
DA:32,4
DA:33,4
DA:34,4
DA:35,18
DA:36,1
DA:37,1
DA:38,12
DA:39,18
DA:40,18
DA:41,1
DA:42,1
LF:42
LH:42
BRDA:25,0,0,18
BRDA:28,1,0,1
BRDA:30,2,0,17
BRDA:31,3,0,4
BRDA:34,4,0,13
BRDA:35,5,0,1
BRDA:37,6,0,12
BRDA:39,7,0,0
BRDA:39,8,0,0
BRDA:39,9,0,12
BRDA:33,10,0,8
BRDA:33,11,0,0
BRF:12
BRH:9
end_of_record
TN:
SF:src/words.js
FN:10,asciiWords
FN:30,words
FNF:2
FNH:2
FNDA:2,asciiWords
FNDA:8,words
DA:1,1
DA:2,1
DA:3,1
DA:4,1
DA:5,1
DA:6,1
DA:7,1
DA:8,1
DA:9,1
DA:10,2
DA:11,2
DA:12,2
DA:13,1
DA:14,1
DA:15,1
DA:16,1
DA:17,1
DA:18,1
DA:19,1
DA:20,1
DA:21,1
DA:22,1
DA:23,1
DA:24,1
DA:25,1
DA:26,1
DA:27,1
DA:28,1
DA:29,1
DA:30,8
DA:31,8
DA:32,3
DA:33,3
DA:34,3
DA:35,8
DA:36,8
DA:37,1
DA:38,1
LF:38
LH:38
BRDA:10,0,0,2
BRDA:30,1,0,8
BRDA:31,2,0,3
BRDA:32,3,0,1
BRDA:32,4,0,2
BRDA:33,5,0,0
BRDA:34,6,0,5
BRDA:35,7,0,3
BRF:8
BRH:7
end_of_record
